#
# There is insufficient memory for the Java Runtime Environment to continue.
# Native memory allocation (mmap) failed to map 190316544 bytes for committing reserved memory.
# Possible reasons:
#   The system is out of physical RAM or swap space
#   In 32 bit mode, the process size limit was hit
# Possible solutions:
#   Reduce memory load on the system
#   Increase physical memory or swap space
#   Check if swap backing store is full
#   Use 64 bit Java on a 64 bit OS
#   Decrease Java heap size (-Xmx/-Xms)
#   Decrease number of Java threads
#   Decrease Java thread stack sizes (-Xss)
#   Set larger code cache with -XX:ReservedCodeCacheSize=
# This output file may be truncated or incomplete.
#
#  Out of Memory Error (os_linux.cpp:2630), pid=23657, tid=0x00007fb8341ed700
#
# JRE version: OpenJDK Runtime Environment (8.0_121-b13) (build 1.8.0_121-8u121-b13-0ubuntu1.16.04.2-b13)
# Java VM: OpenJDK 64-Bit Server VM (25.121-b13 mixed mode linux-amd64 compressed oops)
# Failed to write core dump. Core dumps have been disabled. To enable core dumping, try "ulimit -c unlimited" before starting Java again
#

---------------  T H R E A D  ---------------

Current thread (0x00007fb858077800):  VMThread [stack: 0x00007fb8340ed000,0x00007fb8341ee000] [id=23669]

Stack: [0x00007fb8340ed000,0x00007fb8341ee000],  sp=0x00007fb8341ec4c0,  free space=1021k
Native frames: (J=compiled Java code, j=interpreted, Vv=VM code, C=native code)
V  [libjvm.so+0xa6647b]
V  [libjvm.so+0x4c32dc]
V  [libjvm.so+0x8b4b60]
V  [libjvm.so+0x8aefde]
V  [libjvm.so+0x929a16]
V  [libjvm.so+0x92ad43]
V  [libjvm.so+0x9273f3]
V  [libjvm.so+0x9276bc]
V  [libjvm.so+0x8d9553]
V  [libjvm.so+0xa68132]
V  [libjvm.so+0xa6d217]
V  [libjvm.so+0xa6a9e7]
V  [libjvm.so+0xa6be6f]
V  [libjvm.so+0xa6c361]
V  [libjvm.so+0x8b2042]

VM_Operation (0x00007fb8610d1300): ParallelGCFailedAllocation, mode: safepoint, requested by thread 0x00007fb85800a000


---------------  P R O C E S S  ---------------

Java Threads: ( => current thread )
  0x00007fb8587eb000 JavaThread "pool-2-thread-1" daemon [_thread_blocked, id=23686, stack(0x00007fb7fe48e000,0x00007fb7fe58f000)]
  0x00007fb8587e9000 JavaThread "cluster-ClusterId{value='58ebd47c6bd65a5c693f6965', description='null'}-127.0.0.1:27017" daemon [_thread_blocked, id=23685, stack(0x00007fb7fe58f000,0x00007fb7fe690000)]
  0x00007fb8582e6000 JavaThread "JavaFX Application Thread" [_thread_blocked, id=23682, stack(0x00007fb7ff2f1000,0x00007fb7ff3f2000)]
  0x00007fb8582e2000 JavaThread "Thread-1" daemon [_thread_blocked, id=23681, stack(0x00007fb7ff3f2000,0x00007fb7ff4f3000)]
  0x00007fb858214800 JavaThread "QuantumRenderer-0" daemon [_thread_blocked, id=23680, stack(0x00007fb82f3d1000,0x00007fb82f4d2000)]
  0x00007fb8580ba800 JavaThread "Service Thread" daemon [_thread_blocked, id=23677, stack(0x00007fb82f5d3000,0x00007fb82f6d4000)]
  0x00007fb8580b3000 JavaThread "C1 CompilerThread2" daemon [_thread_blocked, id=23676, stack(0x00007fb82f6d4000,0x00007fb82f7d5000)]
  0x00007fb8580b1000 JavaThread "C2 CompilerThread1" daemon [_thread_blocked, id=23675, stack(0x00007fb82f7d5000,0x00007fb82f8d6000)]
  0x00007fb8580ae000 JavaThread "C2 CompilerThread0" daemon [_thread_blocked, id=23674, stack(0x00007fb82f8d6000,0x00007fb82f9d7000)]
  0x00007fb8580ac000 JavaThread "Signal Dispatcher" daemon [_thread_blocked, id=23673, stack(0x00007fb82f9d7000,0x00007fb82fad8000)]
  0x00007fb858083800 JavaThread "Finalizer" daemon [_thread_blocked, id=23671, stack(0x00007fb82fdfe000,0x00007fb82feff000)]
  0x00007fb85807f000 JavaThread "Reference Handler" daemon [_thread_blocked, id=23670, stack(0x00007fb82feff000,0x00007fb830000000)]
  0x00007fb85800a000 JavaThread "main" [_thread_blocked, id=23664, stack(0x00007fb860fd3000,0x00007fb8610d4000)]

Other Threads:
=>0x00007fb858077800 VMThread [stack: 0x00007fb8340ed000,0x00007fb8341ee000] [id=23669]
  0x00007fb8580bd000 WatcherThread [stack: 0x00007fb82f4d2000,0x00007fb82f5d3000] [id=23678]

VM state:at safepoint (normal execution)

VM Mutex/Monitor currently owned by a thread:  ([mutex/lock_event])
[0x00007fb858006580] Threads_lock - owner thread: 0x00007fb858077800
[0x00007fb858006a80] Heap_lock - owner thread: 0x00007fb85800a000

Heap:
 PSYoungGen      total 92672K, used 5105K [0x00000000d7f80000, 0x00000000e0380000, 0x0000000100000000)
  eden space 87552K, 0% used [0x00000000d7f80000,0x00000000d7f80000,0x00000000dd500000)
  from space 5120K, 99% used [0x00000000df980000,0x00000000dfe7c510,0x00000000dfe80000)
  to   space 5120K, 0% used [0x00000000dfe80000,0x00000000dfe80000,0x00000000e0380000)
 ParOldGen       total 324608K, used 227255K [0x0000000087e00000, 0x000000009bb00000, 0x00000000d7f80000)
  object space 324608K, 70% used [0x0000000087e00000,0x0000000095bedef8,0x000000009bb00000)
 Metaspace       used 14120K, capacity 14470K, committed 14592K, reserved 1062912K
  class space    used 1616K, capacity 1747K, committed 1792K, reserved 1048576K

Card table byte_map: [0x00007fb85d2d8000,0x00007fb85d69a000] byte_map_base: 0x00007fb85ce99000

Marking Bits: (ParMarkBitMap*) 0x00007fb8602aa220
 Begin Bits: [0x00007fb8343f0000, 0x00007fb8361f8000)
 End Bits:   [0x00007fb8361f8000, 0x00007fb838000000)

Polling page: 0x00007fb8610fc000

CodeCache: size=245760Kb used=5325Kb max_used=5325Kb free=240434Kb
 bounds [0x00007fb849000000, 0x00007fb849540000, 0x00007fb858000000]
 total_blobs=1826 nmethods=1356 adapters=385
 compilation: enabled

Compilation events (10 events):
Event: 3.545 Thread 0x00007fb8580b3000 nmethod 1362 0x00007fb8494cffd0 code [0x00007fb8494d01a0, 0x00007fb8494d07f8]
Event: 3.545 Thread 0x00007fb8580b3000 1359       3       org.jdom.input.SAXHandler::startEntity (183 bytes)
Event: 3.546 Thread 0x00007fb8580b3000 nmethod 1359 0x00007fb84952cc90 code [0x00007fb84952cf60, 0x00007fb84952e3f8]
Event: 3.546 Thread 0x00007fb8580b3000 1360   !   3       com.sun.org.apache.xerces.internal.parsers.AbstractSAXParser::endGeneralEntity (52 bytes)
Event: 3.547 Thread 0x00007fb8580b3000 nmethod 1360 0x00007fb84952bd90 code [0x00007fb84952bf60, 0x00007fb84952c848]
Event: 3.547 Thread 0x00007fb8580b3000 1361       3       org.jdom.input.SAXHandler::endEntity (37 bytes)
Event: 3.547 Thread 0x00007fb8580b3000 nmethod 1361 0x00007fb84951e7d0 code [0x00007fb84951e940, 0x00007fb84951ebe8]
Event: 3.562 Thread 0x00007fb8580b3000 1364       3       com.sun.org.apache.xerces.internal.impl.io.UTF8Reader::read (1443 bytes)
Event: 3.565 Thread 0x00007fb8580b3000 nmethod 1364 0x00007fb849535510 code [0x00007fb849535960, 0x00007fb849538498]
Event: 3.565 Thread 0x00007fb8580b1000 1365       4       com.sun.org.apache.xerces.internal.impl.io.UTF8Reader::read (1443 bytes)

GC Heap History (10 events):
Event: 1.514 GC heap after
Heap after GC invocations=2 (full 0):
 PSYoungGen      total 67584K, used 5106K [0x00000000d7f80000, 0x00000000dc680000, 0x0000000100000000)
  eden space 62464K, 0% used [0x00000000d7f80000,0x00000000d7f80000,0x00000000dbc80000)
  from space 5120K, 99% used [0x00000000dc180000,0x00000000dc67c988,0x00000000dc680000)
  to   space 5120K, 0% used [0x00000000dbc80000,0x00000000dbc80000,0x00000000dc180000)
 ParOldGen       total 83456K, used 27919K [0x0000000087e00000, 0x000000008cf80000, 0x00000000d7f80000)
  object space 83456K, 33% used [0x0000000087e00000,0x0000000089943da0,0x000000008cf80000)
 Metaspace       used 14116K, capacity 14470K, committed 14592K, reserved 1062912K
  class space    used 1616K, capacity 1747K, committed 1792K, reserved 1048576K
}
Event: 1.794 GC heap before
{Heap before GC invocations=3 (full 0):
 PSYoungGen      total 67584K, used 67570K [0x00000000d7f80000, 0x00000000dc680000, 0x0000000100000000)
  eden space 62464K, 100% used [0x00000000d7f80000,0x00000000dbc80000,0x00000000dbc80000)
  from space 5120K, 99% used [0x00000000dc180000,0x00000000dc67c988,0x00000000dc680000)
  to   space 5120K, 0% used [0x00000000dbc80000,0x00000000dbc80000,0x00000000dc180000)
 ParOldGen       total 83456K, used 27919K [0x0000000087e00000, 0x000000008cf80000, 0x00000000d7f80000)
  object space 83456K, 33% used [0x0000000087e00000,0x0000000089943da0,0x000000008cf80000)
 Metaspace       used 14117K, capacity 14470K, committed 14592K, reserved 1062912K
  class space    used 1616K, capacity 1747K, committed 1792K, reserved 1048576K
Event: 1.875 GC heap after
Heap after GC invocations=3 (full 0):
 PSYoungGen      total 67584K, used 5097K [0x00000000d7f80000, 0x00000000e0380000, 0x0000000100000000)
  eden space 62464K, 0% used [0x00000000d7f80000,0x00000000d7f80000,0x00000000dbc80000)
  from space 5120K, 99% used [0x00000000dbc80000,0x00000000dc17a548,0x00000000dc180000)
  to   space 5120K, 0% used [0x00000000dfe80000,0x00000000dfe80000,0x00000000e0380000)
 ParOldGen       total 87552K, used 87407K [0x0000000087e00000, 0x000000008d380000, 0x00000000d7f80000)
  object space 87552K, 99% used [0x0000000087e00000,0x000000008d35bda0,0x000000008d380000)
 Metaspace       used 14117K, capacity 14470K, committed 14592K, reserved 1062912K
  class space    used 1616K, capacity 1747K, committed 1792K, reserved 1048576K
}
Event: 1.876 GC heap before
{Heap before GC invocations=4 (full 1):
 PSYoungGen      total 67584K, used 5097K [0x00000000d7f80000, 0x00000000e0380000, 0x0000000100000000)
  eden space 62464K, 0% used [0x00000000d7f80000,0x00000000d7f80000,0x00000000dbc80000)
  from space 5120K, 99% used [0x00000000dbc80000,0x00000000dc17a548,0x00000000dc180000)
  to   space 5120K, 0% used [0x00000000dfe80000,0x00000000dfe80000,0x00000000e0380000)
 ParOldGen       total 87552K, used 87407K [0x0000000087e00000, 0x000000008d380000, 0x00000000d7f80000)
  object space 87552K, 99% used [0x0000000087e00000,0x000000008d35bda0,0x000000008d380000)
 Metaspace       used 14117K, capacity 14470K, committed 14592K, reserved 1062912K
  class space    used 1616K, capacity 1747K, committed 1792K, reserved 1048576K
Event: 2.334 GC heap after
Heap after GC invocations=4 (full 1):
 PSYoungGen      total 67584K, used 2533K [0x00000000d7f80000, 0x00000000e0380000, 0x0000000100000000)
  eden space 62464K, 0% used [0x00000000d7f80000,0x00000000d7f80000,0x00000000dbc80000)
  from space 5120K, 49% used [0x00000000dbc80000,0x00000000dbef9580,0x00000000dc180000)
  to   space 5120K, 0% used [0x00000000dfe80000,0x00000000dfe80000,0x00000000e0380000)
 ParOldGen       total 209920K, used 87351K [0x0000000087e00000, 0x0000000094b00000, 0x00000000d7f80000)
  object space 209920K, 41% used [0x0000000087e00000,0x000000008d34ddc0,0x0000000094b00000)
 Metaspace       used 14117K, capacity 14470K, committed 14592K, reserved 1062912K
  class space    used 1616K, capacity 1747K, committed 1792K, reserved 1048576K
}
Event: 2.433 GC heap before
{Heap before GC invocations=5 (full 1):
 PSYoungGen      total 67584K, used 64997K [0x00000000d7f80000, 0x00000000e0380000, 0x0000000100000000)
  eden space 62464K, 100% used [0x00000000d7f80000,0x00000000dbc80000,0x00000000dbc80000)
  from space 5120K, 49% used [0x00000000dbc80000,0x00000000dbef9580,0x00000000dc180000)
  to   space 5120K, 0% used [0x00000000dfe80000,0x00000000dfe80000,0x00000000e0380000)
 ParOldGen       total 209920K, used 87351K [0x0000000087e00000, 0x0000000094b00000, 0x00000000d7f80000)
  object space 209920K, 41% used [0x0000000087e00000,0x000000008d34ddc0,0x0000000094b00000)
 Metaspace       used 14118K, capacity 14470K, committed 14592K, reserved 1062912K
  class space    used 1616K, capacity 1747K, committed 1792K, reserved 1048576K
Event: 2.555 GC heap after
Heap after GC invocations=5 (full 1):
 PSYoungGen      total 92672K, used 5088K [0x00000000d7f80000, 0x00000000e0380000, 0x0000000100000000)
  eden space 87552K, 0% used [0x00000000d7f80000,0x00000000d7f80000,0x00000000dd500000)
  from space 5120K, 99% used [0x00000000dfe80000,0x00000000e0378360,0x00000000e0380000)
  to   space 5120K, 0% used [0x00000000df980000,0x00000000df980000,0x00000000dfe80000)
 ParOldGen       total 209920K, used 144191K [0x0000000087e00000, 0x0000000094b00000, 0x00000000d7f80000)
  object space 209920K, 68% used [0x0000000087e00000,0x0000000090acfdc0,0x0000000094b00000)
 Metaspace       used 14118K, capacity 14470K, committed 14592K, reserved 1062912K
  class space    used 1616K, capacity 1747K, committed 1792K, reserved 1048576K
}
Event: 2.555 GC heap before
{Heap before GC invocations=6 (full 2):
 PSYoungGen      total 92672K, used 5088K [0x00000000d7f80000, 0x00000000e0380000, 0x0000000100000000)
  eden space 87552K, 0% used [0x00000000d7f80000,0x00000000d7f80000,0x00000000dd500000)
  from space 5120K, 99% used [0x00000000dfe80000,0x00000000e0378360,0x00000000e0380000)
  to   space 5120K, 0% used [0x00000000df980000,0x00000000df980000,0x00000000dfe80000)
 ParOldGen       total 209920K, used 144191K [0x0000000087e00000, 0x0000000094b00000, 0x00000000d7f80000)
  object space 209920K, 68% used [0x0000000087e00000,0x0000000090acfdc0,0x0000000094b00000)
 Metaspace       used 14118K, capacity 14470K, committed 14592K, reserved 1062912K
  class space    used 1616K, capacity 1747K, committed 1792K, reserved 1048576K
Event: 3.385 GC heap after
Heap after GC invocations=6 (full 2):
 PSYoungGen      total 92672K, used 0K [0x00000000d7f80000, 0x00000000e0380000, 0x0000000100000000)
  eden space 87552K, 0% used [0x00000000d7f80000,0x00000000d7f80000,0x00000000dd500000)
  from space 5120K, 0% used [0x00000000dfe80000,0x00000000dfe80000,0x00000000e0380000)
  to   space 5120K, 0% used [0x00000000df980000,0x00000000df980000,0x00000000dfe80000)
 ParOldGen       total 324608K, used 148831K [0x0000000087e00000, 0x000000009bb00000, 0x00000000d7f80000)
  object space 324608K, 45% used [0x0000000087e00000,0x0000000090f57ef8,0x000000009bb00000)
 Metaspace       used 14118K, capacity 14470K, committed 14592K, reserved 1062912K
  class space    used 1616K, capacity 1747K, committed 1792K, reserved 1048576K
}
Event: 3.576 GC heap before
{Heap before GC invocations=7 (full 2):
 PSYoungGen      total 92672K, used 87552K [0x00000000d7f80000, 0x00000000e0380000, 0x0000000100000000)
  eden space 87552K, 100% used [0x00000000d7f80000,0x00000000dd500000,0x00000000dd500000)
  from space 5120K, 0% used [0x00000000dfe80000,0x00000000dfe80000,0x00000000e0380000)
  to   space 5120K, 0% used [0x00000000df980000,0x00000000df980000,0x00000000dfe80000)
 ParOldGen       total 324608K, used 148831K [0x0000000087e00000, 0x000000009bb00000, 0x00000000d7f80000)
  object space 324608K, 45% used [0x0000000087e00000,0x0000000090f57ef8,0x000000009bb00000)
 Metaspace       used 14120K, capacity 14470K, committed 14592K, reserved 1062912K
  class space    used 1616K, capacity 1747K, committed 1792K, reserved 1048576K

Deoptimization events (10 events):
Event: 1.317 Thread 0x00007fb85800a000 Uncommon trap: reason=unstable_if action=reinterpret pc=0x00007fb84946150c method=com.sun.org.apache.xerces.internal.impl.XMLEntityScanner.scanLiteral(ILcom/sun/org/apache/xerces/internal/xni/XMLString;Z)I @ 44
Event: 1.353 Thread 0x00007fb85800a000 Uncommon trap: reason=unstable_if action=reinterpret pc=0x00007fb84945ff00 method=com.sun.org.apache.xerces.internal.utils.XMLLimitAnalyzer.addValue(ILjava/lang/String;I)V @ 78
Event: 1.353 Thread 0x00007fb85800a000 Uncommon trap: reason=unstable_if action=reinterpret pc=0x00007fb8494745f0 method=org.jdom.input.TextBuffer.append([CII)V @ 4
Event: 1.431 Thread 0x00007fb85800a000 Uncommon trap: reason=unstable_if action=reinterpret pc=0x00007fb84944bf90 method=com.sun.org.apache.xerces.internal.impl.XMLEntityScanner.skipSpaces()Z @ 303
Event: 1.438 Thread 0x00007fb85800a000 Uncommon trap: reason=unstable_if action=reinterpret pc=0x00007fb84948a5a4 method=com.sun.org.apache.xerces.internal.impl.XMLEntityScanner.scanLiteral(ILcom/sun/org/apache/xerces/internal/xni/XMLString;Z)I @ 570
Event: 1.540 Thread 0x00007fb85800a000 Uncommon trap: reason=unstable_if action=reinterpret pc=0x00007fb8494804c0 method=com.sun.org.apache.xerces.internal.util.SymbolTable.addSymbol([CII)Ljava/lang/String; @ 64
Event: 1.696 Thread 0x00007fb85800a000 Uncommon trap: reason=unstable_if action=reinterpret pc=0x00007fb8494e6894 method=com.sun.org.apache.xerces.internal.impl.XMLDocumentFragmentScannerImpl$FragmentContentDriver.next()I @ 1140
Event: 3.436 Thread 0x00007fb85800a000 Uncommon trap: reason=unstable_if action=reinterpret pc=0x00007fb8494faf80 method=com.sun.org.apache.xerces.internal.impl.XMLDocumentFragmentScannerImpl$FragmentContentDriver.next()I @ 76
Event: 3.455 Thread 0x00007fb85800a000 Uncommon trap: reason=unstable_if action=reinterpret pc=0x00007fb8494a124c method=com.sun.org.apache.xerces.internal.impl.XMLScanner.scanAttributeValue(Lcom/sun/org/apache/xerces/internal/xni/XMLString;Lcom/sun/org/apache/xerces/internal/xni/XMLString;Lja
Event: 3.562 Thread 0x00007fb85800a000 Uncommon trap: reason=unstable_if action=reinterpret pc=0x00007fb8494dd774 method=com.sun.org.apache.xerces.internal.impl.io.UTF8Reader.read([CII)I @ 222

Internal exceptions (10 events):
Event: 0.887 Thread 0x00007fb85800a000 Exception <a 'java/lang/ArrayIndexOutOfBoundsException'> (0x00000000d9ae74f0) thrown at [/build/openjdk-8-YiEakL/openjdk-8-8u121-b13/src/hotspot/src/share/vm/runtime/sharedRuntime.cpp, line 605]
Event: 0.888 Thread 0x00007fb85800a000 Exception <a 'java/lang/ArrayIndexOutOfBoundsException'> (0x00000000d9ae8268) thrown at [/build/openjdk-8-YiEakL/openjdk-8-8u121-b13/src/hotspot/src/share/vm/runtime/sharedRuntime.cpp, line 605]
Event: 0.888 Thread 0x00007fb85800a000 Exception <a 'java/lang/ArrayIndexOutOfBoundsException'> (0x00000000d9ae9408) thrown at [/build/openjdk-8-YiEakL/openjdk-8-8u121-b13/src/hotspot/src/share/vm/runtime/sharedRuntime.cpp, line 605]
Event: 0.889 Thread 0x00007fb85800a000 Exception <a 'java/lang/ArrayIndexOutOfBoundsException'> (0x00000000d9aeae20) thrown at [/build/openjdk-8-YiEakL/openjdk-8-8u121-b13/src/hotspot/src/share/vm/runtime/sharedRuntime.cpp, line 605]
Event: 0.897 Thread 0x00007fb85800a000 Exception <a 'java/lang/ArrayIndexOutOfBoundsException'> (0x00000000d9b12370) thrown at [/build/openjdk-8-YiEakL/openjdk-8-8u121-b13/src/hotspot/src/share/vm/runtime/sharedRuntime.cpp, line 605]
Event: 0.898 Thread 0x00007fb85800a000 Exception <a 'java/lang/ArrayIndexOutOfBoundsException'> (0x00000000d9b135d8) thrown at [/build/openjdk-8-YiEakL/openjdk-8-8u121-b13/src/hotspot/src/share/vm/runtime/sharedRuntime.cpp, line 605]
Event: 0.899 Thread 0x00007fb85800a000 Exception <a 'java/lang/ArrayIndexOutOfBoundsException'> (0x00000000d9b14d58) thrown at [/build/openjdk-8-YiEakL/openjdk-8-8u121-b13/src/hotspot/src/share/vm/runtime/sharedRuntime.cpp, line 605]
Event: 0.906 Thread 0x00007fb85800a000 Exception <a 'java/lang/ArrayIndexOutOfBoundsException'> (0x00000000d9b3af78) thrown at [/build/openjdk-8-YiEakL/openjdk-8-8u121-b13/src/hotspot/src/share/vm/runtime/sharedRuntime.cpp, line 605]
Event: 0.912 Thread 0x00007fb85800a000 Exception <a 'java/lang/ArrayIndexOutOfBoundsException'> (0x00000000d9b4ac68) thrown at [/build/openjdk-8-YiEakL/openjdk-8-8u121-b13/src/hotspot/src/share/vm/runtime/sharedRuntime.cpp, line 605]
Event: 0.934 Thread 0x00007fb85800a000 Implicit null exception at 0x00007fb84923aa75 to 0x00007fb84923ae25

Events (10 events):
Event: 3.575 Thread 0x00007fb85800a000 DEOPT UNPACKING pc=0x00007fb849047373 sp=0x00007fb8610d1028 mode 0
Event: 3.575 Thread 0x00007fb85800a000 DEOPT PACKING pc=0x00007fb849537fd9 sp=0x00007fb8610d13b0
Event: 3.575 Thread 0x00007fb85800a000 DEOPT UNPACKING pc=0x00007fb849047373 sp=0x00007fb8610d1178 mode 0
Event: 3.575 Thread 0x00007fb85800a000 DEOPT PACKING pc=0x00007fb849537eed sp=0x00007fb8610d1400
Event: 3.575 Thread 0x00007fb85800a000 DEOPT UNPACKING pc=0x00007fb849047373 sp=0x00007fb8610d11c8 mode 0
Event: 3.575 Thread 0x00007fb85800a000 DEOPT PACKING pc=0x00007fb849537fd9 sp=0x00007fb8610d1400
Event: 3.575 Thread 0x00007fb85800a000 DEOPT UNPACKING pc=0x00007fb849047373 sp=0x00007fb8610d11c8 mode 0
Event: 3.575 Thread 0x00007fb85800a000 DEOPT PACKING pc=0x00007fb849537eed sp=0x00007fb8610d1400
Event: 3.575 Thread 0x00007fb85800a000 DEOPT UNPACKING pc=0x00007fb849047373 sp=0x00007fb8610d11c8 mode 0
Event: 3.576 Executing VM operation: ParallelGCFailedAllocation


Dynamic libraries:
00400000-00401000 r-xp 00000000 08:05 785930                             /usr/lib/jvm/java-8-openjdk-amd64/jre/bin/java
00600000-00601000 r--p 00000000 08:05 785930                             /usr/lib/jvm/java-8-openjdk-amd64/jre/bin/java
00601000-00602000 rw-p 00001000 08:05 785930                             /usr/lib/jvm/java-8-openjdk-amd64/jre/bin/java
02462000-02483000 rw-p 00000000 00:00 0                                  [heap]
87e00000-9bb00000 rw-p 00000000 00:00 0 
9bb00000-d7f80000 ---p 00000000 00:00 0 
d7f80000-e0380000 rw-p 00000000 00:00 0 
eb900000-100000000 ---p 00000000 00:00 0 
100000000-1001c0000 rw-p 00000000 00:00 0 
1001c0000-140000000 ---p 00000000 00:00 0 
7fb7e8000000-7fb7e8021000 rw-p 00000000 00:00 0 
7fb7e8021000-7fb7ec000000 ---p 00000000 00:00 0 
7fb7f0000000-7fb7f0021000 rw-p 00000000 00:00 0 
7fb7f0021000-7fb7f4000000 ---p 00000000 00:00 0 
7fb7f4000000-7fb7f4021000 rw-p 00000000 00:00 0 
7fb7f4021000-7fb7f8000000 ---p 00000000 00:00 0 
7fb7f8000000-7fb7f8021000 rw-p 00000000 00:00 0 
7fb7f8021000-7fb7fc000000 ---p 00000000 00:00 0 
7fb7fe28e000-7fb7fe30e000 rw-p 00000000 00:00 0 
7fb7fe30e000-7fb7fe48e000 ---p 00000000 00:00 0 
7fb7fe48e000-7fb7fe491000 ---p 00000000 00:00 0 
7fb7fe491000-7fb7fe58f000 rw-p 00000000 00:00 0 
7fb7fe58f000-7fb7fe592000 ---p 00000000 00:00 0 
7fb7fe592000-7fb7fe690000 rw-p 00000000 00:00 0 
7fb7fe690000-7fb7fe6a1000 r-xp 00000000 08:05 785361                     /usr/lib/jvm/java-8-openjdk-amd64/jre/lib/amd64/libnio.so
7fb7fe6a1000-7fb7fe8a1000 ---p 00011000 08:05 785361                     /usr/lib/jvm/java-8-openjdk-amd64/jre/lib/amd64/libnio.so
7fb7fe8a1000-7fb7fe8a2000 r--p 00011000 08:05 785361                     /usr/lib/jvm/java-8-openjdk-amd64/jre/lib/amd64/libnio.so
7fb7fe8a2000-7fb7fe8a3000 rw-p 00012000 08:05 785361                     /usr/lib/jvm/java-8-openjdk-amd64/jre/lib/amd64/libnio.so
7fb7fe8a3000-7fb7feaa3000 rw-p 00000000 00:00 0 
7fb7feaa3000-7fb7feaac000 r-xp 00000000 08:05 785649                     /usr/lib/jvm/java-8-openjdk-amd64/jre/lib/amd64/libmanagement.so
7fb7feaac000-7fb7fecab000 ---p 00009000 08:05 785649                     /usr/lib/jvm/java-8-openjdk-amd64/jre/lib/amd64/libmanagement.so
7fb7fecab000-7fb7fecac000 r--p 00008000 08:05 785649                     /usr/lib/jvm/java-8-openjdk-amd64/jre/lib/amd64/libmanagement.so
7fb7fecac000-7fb7fecad000 rw-p 00009000 08:05 785649                     /usr/lib/jvm/java-8-openjdk-amd64/jre/lib/amd64/libmanagement.so
7fb7fecad000-7fb7fecc4000 r-xp 00000000 08:05 785344                     /usr/lib/jvm/java-8-openjdk-amd64/jre/lib/amd64/libnet.so
7fb7fecc4000-7fb7feec3000 ---p 00017000 08:05 785344                     /usr/lib/jvm/java-8-openjdk-amd64/jre/lib/amd64/libnet.so
7fb7feec3000-7fb7feec4000 r--p 00016000 08:05 785344                     /usr/lib/jvm/java-8-openjdk-amd64/jre/lib/amd64/libnet.so
7fb7feec4000-7fb7feec5000 rw-p 00017000 08:05 785344                     /usr/lib/jvm/java-8-openjdk-amd64/jre/lib/amd64/libnet.so
7fb7feec5000-7fb7ff0c5000 rw-p 00000000 00:00 0 
7fb7ff0c5000-7fb7ff0ed000 r-xp 00000000 08:05 785347                     /usr/lib/jvm/java-8-openjdk-amd64/jre/lib/amd64/libsunec.so
7fb7ff0ed000-7fb7ff2ec000 ---p 00028000 08:05 785347                     /usr/lib/jvm/java-8-openjdk-amd64/jre/lib/amd64/libsunec.so
7fb7ff2ec000-7fb7ff2f0000 r--p 00027000 08:05 785347                     /usr/lib/jvm/java-8-openjdk-amd64/jre/lib/amd64/libsunec.so
7fb7ff2f0000-7fb7ff2f1000 rw-p 0002b000 08:05 785347                     /usr/lib/jvm/java-8-openjdk-amd64/jre/lib/amd64/libsunec.so
7fb7ff2f1000-7fb7ff2f4000 ---p 00000000 00:00 0 
7fb7ff2f4000-7fb7ff3f2000 rw-p 00000000 00:00 0 
7fb7ff3f2000-7fb7ff3f5000 ---p 00000000 00:00 0 
7fb7ff3f5000-7fb7ff4f3000 rw-p 00000000 00:00 0 
7fb7ff4f3000-7fb7ff4fd000 r-xp 00000000 08:05 921339                     /usr/lib/x86_64-linux-gnu/gtk-2.0/2.10.0/engines/libpixmap.so
7fb7ff4fd000-7fb7ff6fc000 ---p 0000a000 08:05 921339                     /usr/lib/x86_64-linux-gnu/gtk-2.0/2.10.0/engines/libpixmap.so
7fb7ff6fc000-7fb7ff6fd000 r--p 00009000 08:05 921339                     /usr/lib/x86_64-linux-gnu/gtk-2.0/2.10.0/engines/libpixmap.so
7fb7ff6fd000-7fb7ff6fe000 rw-p 0000a000 08:05 921339                     /usr/lib/x86_64-linux-gnu/gtk-2.0/2.10.0/engines/libpixmap.so
7fb7ff6fe000-7fb7ff72e000 r-xp 00000000 08:05 918526                     /usr/lib/x86_64-linux-gnu/gtk-2.0/2.10.0/engines/libmurrine.so
7fb7ff72e000-7fb7ff92e000 ---p 00030000 08:05 918526                     /usr/lib/x86_64-linux-gnu/gtk-2.0/2.10.0/engines/libmurrine.so
7fb7ff92e000-7fb7ff92f000 r--p 00030000 08:05 918526                     /usr/lib/x86_64-linux-gnu/gtk-2.0/2.10.0/engines/libmurrine.so
7fb7ff92f000-7fb7ff930000 rw-p 00031000 08:05 918526                     /usr/lib/x86_64-linux-gnu/gtk-2.0/2.10.0/engines/libmurrine.so
7fb7ff930000-7fb7ff934000 r-xp 00000000 08:05 656536                     /usr/lib/libtopmenu-client-gtk2.so.0.0.0
7fb7ff934000-7fb7ffb33000 ---p 00004000 08:05 656536                     /usr/lib/libtopmenu-client-gtk2.so.0.0.0
7fb7ffb33000-7fb7ffb34000 r--p 00003000 08:05 656536                     /usr/lib/libtopmenu-client-gtk2.so.0.0.0
7fb7ffb34000-7fb7ffb35000 rw-p 00004000 08:05 656536                     /usr/lib/libtopmenu-client-gtk2.so.0.0.0
7fb7ffb35000-7fb7ffb3d000 r-xp 00000000 08:05 918490                     /usr/lib/x86_64-linux-gnu/gtk-2.0/modules/libtopmenu-gtk-module.so
7fb7ffb3d000-7fb7ffd3c000 ---p 00008000 08:05 918490                     /usr/lib/x86_64-linux-gnu/gtk-2.0/modules/libtopmenu-gtk-module.so
7fb7ffd3c000-7fb7ffd3d000 r--p 00007000 08:05 918490                     /usr/lib/x86_64-linux-gnu/gtk-2.0/modules/libtopmenu-gtk-module.so
7fb7ffd3d000-7fb7ffd3e000 rw-p 00008000 08:05 918490                     /usr/lib/x86_64-linux-gnu/gtk-2.0/modules/libtopmenu-gtk-module.so
7fb7ffd3e000-7fb7ffd45000 r-xp 00000000 08:05 663695                     /usr/lib/x86_64-linux-gnu/libogg.so.0.8.2
7fb7ffd45000-7fb7fff45000 ---p 00007000 08:05 663695                     /usr/lib/x86_64-linux-gnu/libogg.so.0.8.2
7fb7fff45000-7fb7fff46000 r--p 00007000 08:05 663695                     /usr/lib/x86_64-linux-gnu/libogg.so.0.8.2
7fb7fff46000-7fb7fff47000 rw-p 00008000 08:05 663695                     /usr/lib/x86_64-linux-gnu/libogg.so.0.8.2
7fb7fff47000-7fb7fff71000 r-xp 00000000 08:05 663965                     /usr/lib/x86_64-linux-gnu/libvorbis.so.0.4.8
7fb7fff71000-7fb800171000 ---p 0002a000 08:05 663965                     /usr/lib/x86_64-linux-gnu/libvorbis.so.0.4.8
7fb800171000-7fb800172000 r--p 0002a000 08:05 663965                     /usr/lib/x86_64-linux-gnu/libvorbis.so.0.4.8
7fb800172000-7fb800173000 rw-p 0002b000 08:05 663965                     /usr/lib/x86_64-linux-gnu/libvorbis.so.0.4.8
7fb800173000-7fb80017c000 r-xp 00000000 08:05 656844                     /usr/lib/x86_64-linux-gnu/libltdl.so.7.3.1
7fb80017c000-7fb80037b000 ---p 00009000 08:05 656844                     /usr/lib/x86_64-linux-gnu/libltdl.so.7.3.1
7fb80037b000-7fb80037c000 r--p 00008000 08:05 656844                     /usr/lib/x86_64-linux-gnu/libltdl.so.7.3.1
7fb80037c000-7fb80037d000 rw-p 00009000 08:05 656844                     /usr/lib/x86_64-linux-gnu/libltdl.so.7.3.1
7fb80037d000-7fb800391000 r-xp 00000000 08:05 654754                     /usr/lib/x86_64-linux-gnu/libtdb.so.1.3.8
7fb800391000-7fb800590000 ---p 00014000 08:05 654754                     /usr/lib/x86_64-linux-gnu/libtdb.so.1.3.8
7fb800590000-7fb800591000 r--p 00013000 08:05 654754                     /usr/lib/x86_64-linux-gnu/libtdb.so.1.3.8
7fb800591000-7fb800592000 rw-p 00014000 08:05 654754                     /usr/lib/x86_64-linux-gnu/libtdb.so.1.3.8
7fb800592000-7fb800599000 r-xp 00000000 08:05 666719                     /usr/lib/x86_64-linux-gnu/libvorbisfile.so.3.3.7
7fb800599000-7fb800799000 ---p 00007000 08:05 666719                     /usr/lib/x86_64-linux-gnu/libvorbisfile.so.3.3.7
7fb800799000-7fb80079a000 r--p 00007000 08:05 666719                     /usr/lib/x86_64-linux-gnu/libvorbisfile.so.3.3.7
7fb80079a000-7fb80079b000 rw-p 00008000 08:05 666719                     /usr/lib/x86_64-linux-gnu/libvorbisfile.so.3.3.7
7fb80079b000-7fb8007ab000 r-xp 00000000 08:05 655350                     /usr/lib/x86_64-linux-gnu/libcanberra.so.0.2.5
7fb8007ab000-7fb8009aa000 ---p 00010000 08:05 655350                     /usr/lib/x86_64-linux-gnu/libcanberra.so.0.2.5
7fb8009aa000-7fb8009ab000 r--p 0000f000 08:05 655350                     /usr/lib/x86_64-linux-gnu/libcanberra.so.0.2.5
7fb8009ab000-7fb8009ac000 rw-p 00010000 08:05 655350                     /usr/lib/x86_64-linux-gnu/libcanberra.so.0.2.5
7fb8009ac000-7fb8009b0000 r-xp 00000000 08:05 654217                     /usr/lib/x86_64-linux-gnu/libcanberra-gtk.so.0.1.9
7fb8009b0000-7fb800baf000 ---p 00004000 08:05 654217                     /usr/lib/x86_64-linux-gnu/libcanberra-gtk.so.0.1.9
7fb800baf000-7fb800bb0000 r--p 00003000 08:05 654217                     /usr/lib/x86_64-linux-gnu/libcanberra-gtk.so.0.1.9
7fb800bb0000-7fb800bb1000 rw-p 00004000 08:05 654217                     /usr/lib/x86_64-linux-gnu/libcanberra-gtk.so.0.1.9
7fb800bb1000-7fb800bb6000 r-xp 00000000 08:05 922314                     /usr/lib/x86_64-linux-gnu/gtk-2.0/modules/libcanberra-gtk-module.so
7fb800bb6000-7fb800db5000 ---p 00005000 08:05 922314                     /usr/lib/x86_64-linux-gnu/gtk-2.0/modules/libcanberra-gtk-module.so
7fb800db5000-7fb800db6000 r--p 00004000 08:05 922314                     /usr/lib/x86_64-linux-gnu/gtk-2.0/modules/libcanberra-gtk-module.so
7fb800db6000-7fb800db7000 rw-p 00005000 08:05 922314                     /usr/lib/x86_64-linux-gnu/gtk-2.0/modules/libcanberra-gtk-module.so
7fb800db7000-7fb800dd8000 r-xp 00000000 08:05 397026                     /lib/x86_64-linux-gnu/liblzma.so.5.0.0
7fb800dd8000-7fb800fd7000 ---p 00021000 08:05 397026                     /lib/x86_64-linux-gnu/liblzma.so.5.0.0
7fb800fd7000-7fb800fd8000 r--p 00020000 08:05 397026                     /lib/x86_64-linux-gnu/liblzma.so.5.0.0
7fb800fd8000-7fb800fd9000 rw-p 00021000 08:05 397026                     /lib/x86_64-linux-gnu/liblzma.so.5.0.0
7fb800fd9000-7fb801059000 r-xp 00000000 08:05 396926                     /lib/x86_64-linux-gnu/libsystemd.so.0.14.0
7fb801059000-7fb80105c000 r--p 0007f000 08:05 396926                     /lib/x86_64-linux-gnu/libsystemd.so.0.14.0
7fb80105c000-7fb80105d000 rw-p 00082000 08:05 396926                     /lib/x86_64-linux-gnu/libsystemd.so.0.14.0
7fb80105d000-7fb80105e000 rw-p 00000000 00:00 0 
7fb80105e000-7fb8010a8000 r-xp 00000000 08:05 396835                     /lib/x86_64-linux-gnu/libdbus-1.so.3.14.6
7fb8010a8000-7fb8012a8000 ---p 0004a000 08:05 396835                     /lib/x86_64-linux-gnu/libdbus-1.so.3.14.6
7fb8012a8000-7fb8012a9000 r--p 0004a000 08:05 396835                     /lib/x86_64-linux-gnu/libdbus-1.so.3.14.6
7fb8012a9000-7fb8012aa000 rw-p 0004b000 08:05 396835                     /lib/x86_64-linux-gnu/libdbus-1.so.3.14.6
7fb8012aa000-7fb8012d6000 r-xp 00000000 08:05 662457                     /usr/lib/x86_64-linux-gnu/libatspi.so.0.0.1
7fb8012d6000-7fb8014d5000 ---p 0002c000 08:05 662457                     /usr/lib/x86_64-linux-gnu/libatspi.so.0.0.1
7fb8014d5000-7fb8014d8000 r--p 0002b000 08:05 662457                     /usr/lib/x86_64-linux-gnu/libatspi.so.0.0.1
7fb8014d8000-7fb8014d9000 rw-p 0002e000 08:05 662457                     /usr/lib/x86_64-linux-gnu/libatspi.so.0.0.1
7fb8014d9000-7fb801506000 r-xp 00000000 08:05 662644                     /usr/lib/x86_64-linux-gnu/libatk-bridge-2.0.so.0.0.0
7fb801506000-7fb801705000 ---p 0002d000 08:05 662644                     /usr/lib/x86_64-linux-gnu/libatk-bridge-2.0.so.0.0.0
7fb801705000-7fb801706000 r--p 0002c000 08:05 662644                     /usr/lib/x86_64-linux-gnu/libatk-bridge-2.0.so.0.0.0
7fb801706000-7fb801708000 rw-p 0002d000 08:05 662644                     /usr/lib/x86_64-linux-gnu/libatk-bridge-2.0.so.0.0.0
7fb801708000-7fb801709000 r-xp 00000000 08:05 922466                     /usr/lib/x86_64-linux-gnu/gtk-2.0/modules/libatk-bridge.so
7fb801709000-7fb801908000 ---p 00001000 08:05 922466                     /usr/lib/x86_64-linux-gnu/gtk-2.0/modules/libatk-bridge.so
7fb801908000-7fb801909000 r--p 00000000 08:05 922466                     /usr/lib/x86_64-linux-gnu/gtk-2.0/modules/libatk-bridge.so
7fb801909000-7fb80190a000 rw-p 00001000 08:05 922466                     /usr/lib/x86_64-linux-gnu/gtk-2.0/modules/libatk-bridge.so
7fb80190a000-7fb801911000 r-xp 00000000 08:05 662861                     /usr/lib/x86_64-linux-gnu/libgailutil.so.18.0.1
7fb801911000-7fb801b10000 ---p 00007000 08:05 662861                     /usr/lib/x86_64-linux-gnu/libgailutil.so.18.0.1
7fb801b10000-7fb801b11000 r--p 00006000 08:05 662861                     /usr/lib/x86_64-linux-gnu/libgailutil.so.18.0.1
7fb801b11000-7fb801b12000 rw-p 00007000 08:05 662861                     /usr/lib/x86_64-linux-gnu/libgailutil.so.18.0.1
7fb801b12000-7fb801b60000 r-xp 00000000 08:05 916601                     /usr/lib/x86_64-linux-gnu/gtk-2.0/modules/libgail.so
7fb801b60000-7fb801d5f000 ---p 0004e000 08:05 916601                     /usr/lib/x86_64-linux-gnu/gtk-2.0/modules/libgail.so
7fb801d5f000-7fb801d60000 r--p 0004d000 08:05 916601                     /usr/lib/x86_64-linux-gnu/gtk-2.0/modules/libgail.so
7fb801d60000-7fb801d62000 rw-p 0004e000 08:05 916601                     /usr/lib/x86_64-linux-gnu/gtk-2.0/modules/libgail.so
7fb801d62000-7fb801d68000 r-xp 00000000 08:05 654380                     /usr/lib/x86_64-linux-gnu/libdatrie.so.1.3.3
7fb801d68000-7fb801f68000 ---p 00006000 08:05 654380                     /usr/lib/x86_64-linux-gnu/libdatrie.so.1.3.3
7fb801f68000-7fb801f69000 r--p 00006000 08:05 654380                     /usr/lib/x86_64-linux-gnu/libdatrie.so.1.3.3
7fb801f69000-7fb801f6a000 rw-p 00007000 08:05 654380                     /usr/lib/x86_64-linux-gnu/libdatrie.so.1.3.3
7fb801f6a000-7fb801f8d000 r-xp 00000000 08:05 664528                     /usr/lib/x86_64-linux-gnu/libgraphite2.so.3.0.1
7fb801f8d000-7fb80218c000 ---p 00023000 08:05 664528                     /usr/lib/x86_64-linux-gnu/libgraphite2.so.3.0.1
7fb80218c000-7fb80218e000 r--p 00022000 08:05 664528                     /usr/lib/x86_64-linux-gnu/libgraphite2.so.3.0.1
7fb80218e000-7fb80218f000 rw-p 00024000 08:05 664528                     /usr/lib/x86_64-linux-gnu/libgraphite2.so.3.0.1
7fb80218f000-7fb802197000 r-xp 00000000 08:05 654386                     /usr/lib/x86_64-linux-gnu/libthai.so.0.2.4
7fb802197000-7fb802396000 ---p 00008000 08:05 654386                     /usr/lib/x86_64-linux-gnu/libthai.so.0.2.4
7fb802396000-7fb802397000 r--p 00007000 08:05 654386                     /usr/lib/x86_64-linux-gnu/libthai.so.0.2.4
7fb802397000-7fb802398000 rw-p 00008000 08:05 654386                     /usr/lib/x86_64-linux-gnu/libthai.so.0.2.4
7fb802398000-7fb8023f4000 r-xp 00000000 08:05 656370                     /usr/lib/x86_64-linux-gnu/libharfbuzz.so.0.10000.1
7fb8023f4000-7fb8025f4000 ---p 0005c000 08:05 656370                     /usr/lib/x86_64-linux-gnu/libharfbuzz.so.0.10000.1
7fb8025f4000-7fb8025f5000 r--p 0005c000 08:05 656370                     /usr/lib/x86_64-linux-gnu/libharfbuzz.so.0.10000.1
7fb8025f5000-7fb8025f6000 rw-p 0005d000 08:05 656370                     /usr/lib/x86_64-linux-gnu/libharfbuzz.so.0.10000.1
7fb8025f6000-7fb802664000 r-xp 00000000 08:05 392519                     /lib/x86_64-linux-gnu/libpcre.so.3.13.2
7fb802664000-7fb802864000 ---p 0006e000 08:05 392519                     /lib/x86_64-linux-gnu/libpcre.so.3.13.2
7fb802864000-7fb802865000 r--p 0006e000 08:05 392519                     /lib/x86_64-linux-gnu/libpcre.so.3.13.2
7fb802865000-7fb802866000 rw-p 0006f000 08:05 392519                     /lib/x86_64-linux-gnu/libpcre.so.3.13.2
7fb802866000-7fb80286d000 r-xp 00000000 08:05 662160                     /usr/lib/x86_64-linux-gnu/libffi.so.6.0.4
7fb80286d000-7fb802a6c000 ---p 00007000 08:05 662160                     /usr/lib/x86_64-linux-gnu/libffi.so.6.0.4
7fb802a6c000-7fb802a6d000 r--p 00006000 08:05 662160                     /usr/lib/x86_64-linux-gnu/libffi.so.6.0.4
7fb802a6d000-7fb802a6e000 rw-p 00007000 08:05 662160                     /usr/lib/x86_64-linux-gnu/libffi.so.6.0.4
7fb802a6e000-7fb802a85000 r-xp 00000000 08:05 402873                     /lib/x86_64-linux-gnu/libresolv-2.23.so
7fb802a85000-7fb802c85000 ---p 00017000 08:05 402873                     /lib/x86_64-linux-gnu/libresolv-2.23.so
7fb802c85000-7fb802c86000 r--p 00017000 08:05 402873                     /lib/x86_64-linux-gnu/libresolv-2.23.so
7fb802c86000-7fb802c87000 rw-p 00018000 08:05 402873                     /lib/x86_64-linux-gnu/libresolv-2.23.so
7fb802c87000-7fb802c89000 rw-p 00000000 00:00 0 
7fb802c89000-7fb802ca8000 r-xp 00000000 08:05 397031                     /lib/x86_64-linux-gnu/libselinux.so.1
7fb802ca8000-7fb802ea7000 ---p 0001f000 08:05 397031                     /lib/x86_64-linux-gnu/libselinux.so.1
7fb802ea7000-7fb802ea8000 r--p 0001e000 08:05 397031                     /lib/x86_64-linux-gnu/libselinux.so.1
7fb802ea8000-7fb802ea9000 rw-p 0001f000 08:05 397031                     /lib/x86_64-linux-gnu/libselinux.so.1
7fb802ea9000-7fb802eab000 rw-p 00000000 00:00 0 
7fb802eab000-7fb802eb3000 r-xp 00000000 08:05 662419                     /usr/lib/x86_64-linux-gnu/libxcb-render.so.0.0.0
7fb802eb3000-7fb8030b3000 ---p 00008000 08:05 662419                     /usr/lib/x86_64-linux-gnu/libxcb-render.so.0.0.0
7fb8030b3000-7fb8030b4000 r--p 00008000 08:05 662419                     /usr/lib/x86_64-linux-gnu/libxcb-render.so.0.0.0
7fb8030b4000-7fb8030b5000 rw-p 00009000 08:05 662419                     /usr/lib/x86_64-linux-gnu/libxcb-render.so.0.0.0
7fb8030b5000-7fb8030b7000 r-xp 00000000 08:05 662423                     /usr/lib/x86_64-linux-gnu/libxcb-shm.so.0.0.0
7fb8030b7000-7fb8032b7000 ---p 00002000 08:05 662423                     /usr/lib/x86_64-linux-gnu/libxcb-shm.so.0.0.0
7fb8032b7000-7fb8032b8000 r--p 00002000 08:05 662423                     /usr/lib/x86_64-linux-gnu/libxcb-shm.so.0.0.0
7fb8032b8000-7fb8032b9000 rw-p 00003000 08:05 662423                     /usr/lib/x86_64-linux-gnu/libxcb-shm.so.0.0.0
7fb8032b9000-7fb8032dd000 r-xp 00000000 08:05 397118                     /lib/x86_64-linux-gnu/libpng12.so.0.54.0
7fb8032dd000-7fb8034dc000 ---p 00024000 08:05 397118                     /lib/x86_64-linux-gnu/libpng12.so.0.54.0
7fb8034dc000-7fb8034dd000 r--p 00023000 08:05 397118                     /lib/x86_64-linux-gnu/libpng12.so.0.54.0
7fb8034dd000-7fb8034de000 rw-p 00024000 08:05 397118                     /lib/x86_64-linux-gnu/libpng12.so.0.54.0
7fb8034de000-7fb803582000 r-xp 00000000 08:05 654393                     /usr/lib/x86_64-linux-gnu/libfreetype.so.6.12.1
7fb803582000-7fb803781000 ---p 000a4000 08:05 654393                     /usr/lib/x86_64-linux-gnu/libfreetype.so.6.12.1
7fb803781000-7fb803787000 r--p 000a3000 08:05 654393                     /usr/lib/x86_64-linux-gnu/libfreetype.so.6.12.1
7fb803787000-7fb803788000 rw-p 000a9000 08:05 654393                     /usr/lib/x86_64-linux-gnu/libfreetype.so.6.12.1
7fb803788000-7fb803827000 r-xp 00000000 08:05 657365                     /usr/lib/x86_64-linux-gnu/libpixman-1.so.0.33.6
7fb803827000-7fb803a27000 ---p 0009f000 08:05 657365                     /usr/lib/x86_64-linux-gnu/libpixman-1.so.0.33.6
7fb803a27000-7fb803a2f000 r--p 0009f000 08:05 657365                     /usr/lib/x86_64-linux-gnu/libpixman-1.so.0.33.6
7fb803a2f000-7fb803a30000 rw-p 000a7000 08:05 657365                     /usr/lib/x86_64-linux-gnu/libpixman-1.so.0.33.6
7fb803a30000-7fb803a32000 r-xp 00000000 08:05 662961                     /usr/lib/x86_64-linux-gnu/libXcomposite.so.1.0.0
7fb803a32000-7fb803c31000 ---p 00002000 08:05 662961                     /usr/lib/x86_64-linux-gnu/libXcomposite.so.1.0.0
7fb803c31000-7fb803c32000 r--p 00001000 08:05 662961                     /usr/lib/x86_64-linux-gnu/libXcomposite.so.1.0.0
7fb803c32000-7fb803c33000 rw-p 00002000 08:05 662961                     /usr/lib/x86_64-linux-gnu/libXcomposite.so.1.0.0
7fb803c33000-7fb803c3c000 r-xp 00000000 08:05 662963                     /usr/lib/x86_64-linux-gnu/libXcursor.so.1.0.2
7fb803c3c000-7fb803e3b000 ---p 00009000 08:05 662963                     /usr/lib/x86_64-linux-gnu/libXcursor.so.1.0.2
7fb803e3b000-7fb803e3c000 r--p 00008000 08:05 662963                     /usr/lib/x86_64-linux-gnu/libXcursor.so.1.0.2
7fb803e3c000-7fb803e3d000 rw-p 00009000 08:05 662963                     /usr/lib/x86_64-linux-gnu/libXcursor.so.1.0.2
7fb803e3d000-7fb803e47000 r-xp 00000000 08:05 662612                     /usr/lib/x86_64-linux-gnu/libXrandr.so.2.2.0
7fb803e47000-7fb804046000 ---p 0000a000 08:05 662612                     /usr/lib/x86_64-linux-gnu/libXrandr.so.2.2.0
7fb804046000-7fb804047000 r--p 00009000 08:05 662612                     /usr/lib/x86_64-linux-gnu/libXrandr.so.2.2.0
7fb804047000-7fb804048000 rw-p 0000a000 08:05 662612                     /usr/lib/x86_64-linux-gnu/libXrandr.so.2.2.0
7fb804048000-7fb804057000 r-xp 00000000 08:05 657222                     /usr/lib/x86_64-linux-gnu/libXi.so.6.1.0
7fb804057000-7fb804256000 ---p 0000f000 08:05 657222                     /usr/lib/x86_64-linux-gnu/libXi.so.6.1.0
7fb804256000-7fb804257000 r--p 0000e000 08:05 657222                     /usr/lib/x86_64-linux-gnu/libXi.so.6.1.0
7fb804257000-7fb804258000 rw-p 0000f000 08:05 657222                     /usr/lib/x86_64-linux-gnu/libXi.so.6.1.0
7fb804258000-7fb80425a000 r-xp 00000000 08:05 662979                     /usr/lib/x86_64-linux-gnu/libXinerama.so.1.0.0
7fb80425a000-7fb804459000 ---p 00002000 08:05 662979                     /usr/lib/x86_64-linux-gnu/libXinerama.so.1.0.0
7fb804459000-7fb80445a000 r--p 00001000 08:05 662979                     /usr/lib/x86_64-linux-gnu/libXinerama.so.1.0.0
7fb80445a000-7fb80445b000 rw-p 00002000 08:05 662979                     /usr/lib/x86_64-linux-gnu/libXinerama.so.1.0.0
7fb80445b000-7fb804464000 r-xp 00000000 08:05 662429                     /usr/lib/x86_64-linux-gnu/libXrender.so.1.3.0
7fb804464000-7fb804663000 ---p 00009000 08:05 662429                     /usr/lib/x86_64-linux-gnu/libXrender.so.1.3.0
7fb804663000-7fb804664000 r--p 00008000 08:05 662429                     /usr/lib/x86_64-linux-gnu/libXrender.so.1.3.0
7fb804664000-7fb804665000 rw-p 00009000 08:05 662429                     /usr/lib/x86_64-linux-gnu/libXrender.so.1.3.0
7fb804665000-7fb8046a2000 r-xp 00000000 08:05 660735                     /usr/lib/x86_64-linux-gnu/libfontconfig.so.1.9.0
7fb8046a2000-7fb8048a1000 ---p 0003d000 08:05 660735                     /usr/lib/x86_64-linux-gnu/libfontconfig.so.1.9.0
7fb8048a1000-7fb8048a3000 r--p 0003c000 08:05 660735                     /usr/lib/x86_64-linux-gnu/libfontconfig.so.1.9.0
7fb8048a3000-7fb8048a8000 rw-p 0003e000 08:05 660735                     /usr/lib/x86_64-linux-gnu/libfontconfig.so.1.9.0
7fb8048a8000-7fb8048f1000 r-xp 00000000 08:05 658260                     /usr/lib/x86_64-linux-gnu/libpango-1.0.so.0.3800.1
7fb8048f1000-7fb804af1000 ---p 00049000 08:05 658260                     /usr/lib/x86_64-linux-gnu/libpango-1.0.so.0.3800.1
7fb804af1000-7fb804af3000 r--p 00049000 08:05 658260                     /usr/lib/x86_64-linux-gnu/libpango-1.0.so.0.3800.1
7fb804af3000-7fb804af4000 rw-p 0004b000 08:05 658260                     /usr/lib/x86_64-linux-gnu/libpango-1.0.so.0.3800.1
7fb804af4000-7fb804b08000 r-xp 00000000 08:05 658255                     /usr/lib/x86_64-linux-gnu/libpangoft2-1.0.so.0.3800.1
7fb804b08000-7fb804d08000 ---p 00014000 08:05 658255                     /usr/lib/x86_64-linux-gnu/libpangoft2-1.0.so.0.3800.1
7fb804d08000-7fb804d09000 r--p 00014000 08:05 658255                     /usr/lib/x86_64-linux-gnu/libpangoft2-1.0.so.0.3800.1
7fb804d09000-7fb804d0a000 rw-p 00015000 08:05 658255                     /usr/lib/x86_64-linux-gnu/libpangoft2-1.0.so.0.3800.1
7fb804d0a000-7fb804d2c000 r-xp 00000000 08:05 662453                     /usr/lib/x86_64-linux-gnu/libatk-1.0.so.0.21809.1
7fb804d2c000-7fb804f2b000 ---p 00022000 08:05 662453                     /usr/lib/x86_64-linux-gnu/libatk-1.0.so.0.21809.1
7fb804f2b000-7fb804f2e000 r--p 00021000 08:05 662453                     /usr/lib/x86_64-linux-gnu/libatk-1.0.so.0.21809.1
7fb804f2e000-7fb804f2f000 rw-p 00024000 08:05 662453                     /usr/lib/x86_64-linux-gnu/libatk-1.0.so.0.21809.1
7fb804f2f000-7fb804f3b000 r-xp 00000000 08:05 654768                     /usr/lib/x86_64-linux-gnu/libpangocairo-1.0.so.0.3800.1
7fb804f3b000-7fb80513a000 ---p 0000c000 08:05 654768                     /usr/lib/x86_64-linux-gnu/libpangocairo-1.0.so.0.3800.1
7fb80513a000-7fb80513b000 r--p 0000b000 08:05 654768                     /usr/lib/x86_64-linux-gnu/libpangocairo-1.0.so.0.3800.1
7fb80513b000-7fb80513c000 rw-p 0000c000 08:05 654768                     /usr/lib/x86_64-linux-gnu/libpangocairo-1.0.so.0.3800.1
7fb80513c000-7fb80513f000 r-xp 00000000 08:05 658068                     /usr/lib/x86_64-linux-gnu/libgmodule-2.0.so.0.4800.2
7fb80513f000-7fb80533e000 ---p 00003000 08:05 658068                     /usr/lib/x86_64-linux-gnu/libgmodule-2.0.so.0.4800.2
7fb80533e000-7fb80533f000 r--p 00002000 08:05 658068                     /usr/lib/x86_64-linux-gnu/libgmodule-2.0.so.0.4800.2
7fb80533f000-7fb805340000 rw-p 00003000 08:05 658068                     /usr/lib/x86_64-linux-gnu/libgmodule-2.0.so.0.4800.2
7fb805340000-7fb805345000 r-xp 00000000 08:05 662997                     /usr/lib/x86_64-linux-gnu/libXtst.so.6.1.0
7fb805345000-7fb805544000 ---p 00005000 08:05 662997                     /usr/lib/x86_64-linux-gnu/libXtst.so.6.1.0
7fb805544000-7fb805545000 r--p 00004000 08:05 662997                     /usr/lib/x86_64-linux-gnu/libXtst.so.6.1.0
7fb805545000-7fb805546000 rw-p 00005000 08:05 662997                     /usr/lib/x86_64-linux-gnu/libXtst.so.6.1.0
7fb805546000-7fb805655000 r-xp 00000000 08:05 396831                     /lib/x86_64-linux-gnu/libglib-2.0.so.0.4800.2
7fb805655000-7fb805854000 ---p 0010f000 08:05 396831                     /lib/x86_64-linux-gnu/libglib-2.0.so.0.4800.2
7fb805854000-7fb805855000 r--p 0010e000 08:05 396831                     /lib/x86_64-linux-gnu/libglib-2.0.so.0.4800.2
7fb805855000-7fb805856000 rw-p 0010f000 08:05 396831                     /lib/x86_64-linux-gnu/libglib-2.0.so.0.4800.2
7fb805856000-7fb805857000 rw-p 00000000 00:00 0 
7fb805857000-7fb805858000 r-xp 00000000 08:05 658070                     /usr/lib/x86_64-linux-gnu/libgthread-2.0.so.0.4800.2
7fb805858000-7fb805a57000 ---p 00001000 08:05 658070                     /usr/lib/x86_64-linux-gnu/libgthread-2.0.so.0.4800.2
7fb805a57000-7fb805a58000 r--p 00000000 08:05 658070                     /usr/lib/x86_64-linux-gnu/libgthread-2.0.so.0.4800.2
7fb805a58000-7fb805a59000 rw-p 00001000 08:05 658070                     /usr/lib/x86_64-linux-gnu/libgthread-2.0.so.0.4800.2
7fb805a59000-7fb805aab000 r-xp 00000000 08:05 658074                     /usr/lib/x86_64-linux-gnu/libgobject-2.0.so.0.4800.2
7fb805aab000-7fb805caa000 ---p 00052000 08:05 658074                     /usr/lib/x86_64-linux-gnu/libgobject-2.0.so.0.4800.2
7fb805caa000-7fb805cab000 r--p 00051000 08:05 658074                     /usr/lib/x86_64-linux-gnu/libgobject-2.0.so.0.4800.2
7fb805cab000-7fb805cac000 rw-p 00052000 08:05 658074                     /usr/lib/x86_64-linux-gnu/libgobject-2.0.so.0.4800.2
7fb805cac000-7fb805e2c000 r-xp 00000000 08:05 658079                     /usr/lib/x86_64-linux-gnu/libgio-2.0.so.0.4800.2
7fb805e2c000-7fb80602c000 ---p 00180000 08:05 658079                     /usr/lib/x86_64-linux-gnu/libgio-2.0.so.0.4800.2
7fb80602c000-7fb806030000 r--p 00180000 08:05 658079                     /usr/lib/x86_64-linux-gnu/libgio-2.0.so.0.4800.2
7fb806030000-7fb806032000 rw-p 00184000 08:05 658079                     /usr/lib/x86_64-linux-gnu/libgio-2.0.so.0.4800.2
7fb806032000-7fb806034000 rw-p 00000000 00:00 0 
7fb806034000-7fb806055000 r-xp 00000000 08:05 662437                     /usr/lib/x86_64-linux-gnu/libgdk_pixbuf-2.0.so.0.3200.2
7fb806055000-7fb806254000 ---p 00021000 08:05 662437                     /usr/lib/x86_64-linux-gnu/libgdk_pixbuf-2.0.so.0.3200.2
7fb806254000-7fb806255000 r--p 00020000 08:05 662437                     /usr/lib/x86_64-linux-gnu/libgdk_pixbuf-2.0.so.0.3200.2
7fb806255000-7fb806256000 rw-p 00021000 08:05 662437                     /usr/lib/x86_64-linux-gnu/libgdk_pixbuf-2.0.so.0.3200.2
7fb806256000-7fb806364000 r-xp 00000000 08:05 662426                     /usr/lib/x86_64-linux-gnu/libcairo.so.2.11400.6
7fb806364000-7fb806564000 ---p 0010e000 08:05 662426                     /usr/lib/x86_64-linux-gnu/libcairo.so.2.11400.6
7fb806564000-7fb806567000 r--p 0010e000 08:05 662426                     /usr/lib/x86_64-linux-gnu/libcairo.so.2.11400.6
7fb806567000-7fb806568000 rw-p 00111000 08:05 662426                     /usr/lib/x86_64-linux-gnu/libcairo.so.2.11400.6
7fb806568000-7fb80656a000 rw-p 00000000 00:00 0 
7fb80656a000-7fb80661a000 r-xp 00000000 08:05 654566                     /usr/lib/x86_64-linux-gnu/libgdk-x11-2.0.so.0.2400.30
7fb80661a000-7fb806819000 ---p 000b0000 08:05 654566                     /usr/lib/x86_64-linux-gnu/libgdk-x11-2.0.so.0.2400.30
7fb806819000-7fb80681d000 r--p 000af000 08:05 654566                     /usr/lib/x86_64-linux-gnu/libgdk-x11-2.0.so.0.2400.30
7fb80681d000-7fb80681f000 rw-p 000b3000 08:05 654566                     /usr/lib/x86_64-linux-gnu/libgdk-x11-2.0.so.0.2400.30
7fb80681f000-7fb806c5d000 r-xp 00000000 08:05 654567                     /usr/lib/x86_64-linux-gnu/libgtk-x11-2.0.so.0.2400.30
7fb806c5d000-7fb806e5c000 ---p 0043e000 08:05 654567                     /usr/lib/x86_64-linux-gnu/libgtk-x11-2.0.so.0.2400.30
7fb806e5c000-7fb806e63000 r--p 0043d000 08:05 654567                     /usr/lib/x86_64-linux-gnu/libgtk-x11-2.0.so.0.2400.30
7fb806e63000-7fb806e67000 rw-p 00444000 08:05 654567                     /usr/lib/x86_64-linux-gnu/libgtk-x11-2.0.so.0.2400.30
7fb806e67000-7fb806e6a000 rw-p 00000000 00:00 0 
7fb806e6a000-7fb806e92000 r-xp 00000000 08:05 785380                     /usr/lib/jvm/java-8-openjdk-amd64/jre/lib/amd64/libglass.so
7fb806e92000-7fb807092000 ---p 00028000 08:05 785380                     /usr/lib/jvm/java-8-openjdk-amd64/jre/lib/amd64/libglass.so
7fb807092000-7fb807093000 r--p 00028000 08:05 785380                     /usr/lib/jvm/java-8-openjdk-amd64/jre/lib/amd64/libglass.so
7fb807093000-7fb807094000 rw-p 00029000 08:05 785380                     /usr/lib/jvm/java-8-openjdk-amd64/jre/lib/amd64/libglass.so
7fb807094000-7fb8070cb000 r-xp 00000000 08:05 663921                     /usr/lib/x86_64-linux-gnu/libtxc_dxtn_s2tc.so.0.0.0
7fb8070cb000-7fb8072ca000 ---p 00037000 08:05 663921                     /usr/lib/x86_64-linux-gnu/libtxc_dxtn_s2tc.so.0.0.0
7fb8072ca000-7fb8072cb000 r--p 00036000 08:05 663921                     /usr/lib/x86_64-linux-gnu/libtxc_dxtn_s2tc.so.0.0.0
7fb8072cb000-7fb8072cc000 rw-p 00037000 08:05 663921                     /usr/lib/x86_64-linux-gnu/libtxc_dxtn_s2tc.so.0.0.0
7fb8072cc000-7fb8072d4000 r-xp 00000000 08:05 662669                     /usr/lib/x86_64-linux-gnu/libpciaccess.so.0.11.1
7fb8072d4000-7fb8074d4000 ---p 00008000 08:05 662669                     /usr/lib/x86_64-linux-gnu/libpciaccess.so.0.11.1
7fb8074d4000-7fb8074d5000 r--p 00008000 08:05 662669                     /usr/lib/x86_64-linux-gnu/libpciaccess.so.0.11.1
7fb8074d5000-7fb8074d6000 rw-p 00009000 08:05 662669                     /usr/lib/x86_64-linux-gnu/libpciaccess.so.0.11.1
7fb8074d6000-7fb8074e8000 r-xp 00000000 08:05 397005                     /lib/x86_64-linux-gnu/libgpg-error.so.0.17.0
7fb8074e8000-7fb8076e8000 ---p 00012000 08:05 397005                     /lib/x86_64-linux-gnu/libgpg-error.so.0.17.0
7fb8076e8000-7fb8076e9000 r--p 00012000 08:05 397005                     /lib/x86_64-linux-gnu/libgpg-error.so.0.17.0
7fb8076e9000-7fb8076ea000 rw-p 00013000 08:05 397005                     /lib/x86_64-linux-gnu/libgpg-error.so.0.17.0
7fb8076ea000-7fb8076f5000 r-xp 00000000 08:05 657564                     /usr/lib/x86_64-linux-gnu/libdrm_radeon.so.1.0.1
7fb8076f5000-7fb8078f4000 ---p 0000b000 08:05 657564                     /usr/lib/x86_64-linux-gnu/libdrm_radeon.so.1.0.1
7fb8078f4000-7fb8078f5000 r--p 0000a000 08:05 657564                     /usr/lib/x86_64-linux-gnu/libdrm_radeon.so.1.0.1
7fb8078f5000-7fb8078f6000 rw-p 0000b000 08:05 657564                     /usr/lib/x86_64-linux-gnu/libdrm_radeon.so.1.0.1
7fb8078f6000-7fb8078fd000 r-xp 00000000 08:05 657566                     /usr/lib/x86_64-linux-gnu/libdrm_nouveau.so.2.0.0
7fb8078fd000-7fb807afc000 ---p 00007000 08:05 657566                     /usr/lib/x86_64-linux-gnu/libdrm_nouveau.so.2.0.0
7fb807afc000-7fb807afd000 r--p 00006000 08:05 657566                     /usr/lib/x86_64-linux-gnu/libdrm_nouveau.so.2.0.0
7fb807afd000-7fb807afe000 rw-p 00007000 08:05 657566                     /usr/lib/x86_64-linux-gnu/libdrm_nouveau.so.2.0.0
7fb807afe000-7fb807b1e000 r-xp 00000000 08:05 657027                     /usr/lib/x86_64-linux-gnu/libdrm_intel.so.1.0.0
7fb807b1e000-7fb807d1d000 ---p 00020000 08:05 657027                     /usr/lib/x86_64-linux-gnu/libdrm_intel.so.1.0.0
7fb807d1d000-7fb807d1e000 r--p 0001f000 08:05 657027                     /usr/lib/x86_64-linux-gnu/libdrm_intel.so.1.0.0
7fb807d1e000-7fb807d1f000 rw-p 00020000 08:05 657027                     /usr/lib/x86_64-linux-gnu/libdrm_intel.so.1.0.0
7fb807d1f000-7fb807df7000 r-xp 00000000 08:05 392497                     /lib/x86_64-linux-gnu/libgcrypt.so.20.0.5
7fb807df7000-7fb807ff6000 ---p 000d8000 08:05 392497                     /lib/x86_64-linux-gnu/libgcrypt.so.20.0.5
7fb807ff6000-7fb807ff7000 r--p 000d7000 08:05 392497                     /lib/x86_64-linux-gnu/libgcrypt.so.20.0.5
7fb807ff7000-7fb807fff000 rw-p 000d8000 08:05 392497                     /lib/x86_64-linux-gnu/libgcrypt.so.20.0.5
7fb807fff000-7fb808000000 rw-p 00000000 00:00 0 
7fb808000000-7fb808021000 rw-p 00000000 00:00 0 
7fb808021000-7fb80c000000 ---p 00000000 00:00 0 
7fb80c000000-7fb80d788000 rw-p 00000000 00:00 0 
7fb80d788000-7fb810000000 ---p 00000000 00:00 0 
7fb810000000-7fb810460000 rw-p 00000000 00:00 0 
7fb810460000-7fb814000000 ---p 00000000 00:00 0 
7fb814000000-7fb814021000 rw-p 00000000 00:00 0 
7fb814021000-7fb818000000 ---p 00000000 00:00 0 
7fb818000000-7fb818851000 rw-p 00000000 00:00 0 
7fb818851000-7fb81c000000 ---p 00000000 00:00 0 
7fb81c000000-7fb81c66d000 rw-p 00000000 00:00 0 
7fb81c66d000-7fb820000000 ---p 00000000 00:00 0 
7fb820000000-7fb820021000 rw-p 00000000 00:00 0 
7fb820021000-7fb824000000 ---p 00000000 00:00 0 
7fb824000000-7fb824021000 rw-p 00000000 00:00 0 
7fb824021000-7fb828000000 ---p 00000000 00:00 0 
7fb828000000-7fb828021000 rw-p 00000000 00:00 0 
7fb828021000-7fb82c000000 ---p 00000000 00:00 0 
7fb82c083000-7fb82c6e3000 r-xp 00000000 08:05 919584                     /usr/lib/x86_64-linux-gnu/dri/i965_dri.so
7fb82c6e3000-7fb82c8e3000 ---p 00660000 08:05 919584                     /usr/lib/x86_64-linux-gnu/dri/i965_dri.so
7fb82c8e3000-7fb82c922000 r--p 00660000 08:05 919584                     /usr/lib/x86_64-linux-gnu/dri/i965_dri.so
7fb82c922000-7fb82c92a000 rw-p 0069f000 08:05 919584                     /usr/lib/x86_64-linux-gnu/dri/i965_dri.so
7fb82c92a000-7fb82c932000 rw-p 00000000 00:00 0 
7fb82c932000-7fb82c937000 r-xp 00000000 08:05 658465                     /usr/lib/x86_64-linux-gnu/libXdmcp.so.6.0.0
7fb82c937000-7fb82cb36000 ---p 00005000 08:05 658465                     /usr/lib/x86_64-linux-gnu/libXdmcp.so.6.0.0
7fb82cb36000-7fb82cb37000 r--p 00004000 08:05 658465                     /usr/lib/x86_64-linux-gnu/libXdmcp.so.6.0.0
7fb82cb37000-7fb82cb38000 rw-p 00005000 08:05 658465                     /usr/lib/x86_64-linux-gnu/libXdmcp.so.6.0.0
7fb82cb38000-7fb82cb3a000 r-xp 00000000 08:05 662956                     /usr/lib/x86_64-linux-gnu/libXau.so.6.0.0
7fb82cb3a000-7fb82cd3a000 ---p 00002000 08:05 662956                     /usr/lib/x86_64-linux-gnu/libXau.so.6.0.0
7fb82cd3a000-7fb82cd3b000 r--p 00002000 08:05 662956                     /usr/lib/x86_64-linux-gnu/libXau.so.6.0.0
7fb82cd3b000-7fb82cd3c000 rw-p 00003000 08:05 662956                     /usr/lib/x86_64-linux-gnu/libXau.so.6.0.0
7fb82cd3c000-7fb82cd4a000 r-xp 00000000 08:05 657023                     /usr/lib/x86_64-linux-gnu/libdrm.so.2.4.0
7fb82cd4a000-7fb82cf49000 ---p 0000e000 08:05 657023                     /usr/lib/x86_64-linux-gnu/libdrm.so.2.4.0
7fb82cf49000-7fb82cf4a000 r--p 0000d000 08:05 657023                     /usr/lib/x86_64-linux-gnu/libdrm.so.2.4.0
7fb82cf4a000-7fb82cf4b000 rw-p 0000e000 08:05 657023                     /usr/lib/x86_64-linux-gnu/libdrm.so.2.4.0
7fb82cf4b000-7fb82cf50000 r-xp 00000000 08:05 664273                     /usr/lib/x86_64-linux-gnu/libXxf86vm.so.1.0.0
7fb82cf50000-7fb82d14f000 ---p 00005000 08:05 664273                     /usr/lib/x86_64-linux-gnu/libXxf86vm.so.1.0.0
7fb82d14f000-7fb82d150000 r--p 00004000 08:05 664273                     /usr/lib/x86_64-linux-gnu/libXxf86vm.so.1.0.0
7fb82d150000-7fb82d151000 rw-p 00005000 08:05 664273                     /usr/lib/x86_64-linux-gnu/libXxf86vm.so.1.0.0
7fb82d151000-7fb82d155000 r-xp 00000000 08:05 658481                     /usr/lib/x86_64-linux-gnu/libxcb-dri2.so.0.0.0
7fb82d155000-7fb82d354000 ---p 00004000 08:05 658481                     /usr/lib/x86_64-linux-gnu/libxcb-dri2.so.0.0.0
7fb82d354000-7fb82d355000 r--p 00003000 08:05 658481                     /usr/lib/x86_64-linux-gnu/libxcb-dri2.so.0.0.0
7fb82d355000-7fb82d356000 rw-p 00004000 08:05 658481                     /usr/lib/x86_64-linux-gnu/libxcb-dri2.so.0.0.0
7fb82d356000-7fb82d36d000 r-xp 00000000 08:05 654651                     /usr/lib/x86_64-linux-gnu/libxcb-glx.so.0.0.0
7fb82d36d000-7fb82d56c000 ---p 00017000 08:05 654651                     /usr/lib/x86_64-linux-gnu/libxcb-glx.so.0.0.0
7fb82d56c000-7fb82d56e000 r--p 00016000 08:05 654651                     /usr/lib/x86_64-linux-gnu/libxcb-glx.so.0.0.0
7fb82d56e000-7fb82d56f000 rw-p 00018000 08:05 654651                     /usr/lib/x86_64-linux-gnu/libxcb-glx.so.0.0.0
7fb82d56f000-7fb82d570000 r-xp 00000000 08:05 662604                     /usr/lib/x86_64-linux-gnu/libX11-xcb.so.1.0.0
7fb82d570000-7fb82d76f000 ---p 00001000 08:05 662604                     /usr/lib/x86_64-linux-gnu/libX11-xcb.so.1.0.0
7fb82d76f000-7fb82d770000 r--p 00000000 08:05 662604                     /usr/lib/x86_64-linux-gnu/libX11-xcb.so.1.0.0
7fb82d770000-7fb82d771000 rw-p 00001000 08:05 662604                     /usr/lib/x86_64-linux-gnu/libX11-xcb.so.1.0.0
7fb82d771000-7fb82d776000 r-xp 00000000 08:05 662971                     /usr/lib/x86_64-linux-gnu/libXfixes.so.3.1.0
7fb82d776000-7fb82d975000 ---p 00005000 08:05 662971                     /usr/lib/x86_64-linux-gnu/libXfixes.so.3.1.0
7fb82d975000-7fb82d976000 r--p 00004000 08:05 662971                     /usr/lib/x86_64-linux-gnu/libXfixes.so.3.1.0
7fb82d976000-7fb82d977000 rw-p 00005000 08:05 662971                     /usr/lib/x86_64-linux-gnu/libXfixes.so.3.1.0
7fb82d977000-7fb82d979000 r-xp 00000000 08:05 662965                     /usr/lib/x86_64-linux-gnu/libXdamage.so.1.1.0
7fb82d979000-7fb82db78000 ---p 00002000 08:05 662965                     /usr/lib/x86_64-linux-gnu/libXdamage.so.1.1.0
7fb82db78000-7fb82db79000 r--p 00001000 08:05 662965                     /usr/lib/x86_64-linux-gnu/libXdamage.so.1.1.0
7fb82db79000-7fb82db7a000 rw-p 00002000 08:05 662965                     /usr/lib/x86_64-linux-gnu/libXdamage.so.1.1.0
7fb82db7a000-7fb82db8b000 r-xp 00000000 08:05 662969                     /usr/lib/x86_64-linux-gnu/libXext.so.6.4.0
7fb82db8b000-7fb82dd8a000 ---p 00011000 08:05 662969                     /usr/lib/x86_64-linux-gnu/libXext.so.6.4.0
7fb82dd8a000-7fb82dd8b000 r--p 00010000 08:05 662969                     /usr/lib/x86_64-linux-gnu/libXext.so.6.4.0
7fb82dd8b000-7fb82dd8c000 rw-p 00011000 08:05 662969                     /usr/lib/x86_64-linux-gnu/libXext.so.6.4.0
7fb82dd8c000-7fb82ddb5000 r-xp 00000000 08:05 657579                     /usr/lib/x86_64-linux-gnu/libglapi.so.0.0.0
7fb82ddb5000-7fb82dfb5000 ---p 00029000 08:05 657579                     /usr/lib/x86_64-linux-gnu/libglapi.so.0.0.0
7fb82dfb5000-7fb82dfb9000 r--p 00029000 08:05 657579                     /usr/lib/x86_64-linux-gnu/libglapi.so.0.0.0
7fb82dfb9000-7fb82dfba000 rw-p 0002d000 08:05 657579                     /usr/lib/x86_64-linux-gnu/libglapi.so.0.0.0
7fb82dfba000-7fb82dfbb000 rw-p 00000000 00:00 0 
7fb82dfbb000-7fb82dfbc000 r-xp 00000000 08:05 663034                     /usr/lib/x86_64-linux-gnu/libxshmfence.so.1.0.0
7fb82dfbc000-7fb82e1bc000 ---p 00001000 08:05 663034                     /usr/lib/x86_64-linux-gnu/libxshmfence.so.1.0.0
7fb82e1bc000-7fb82e1bd000 r--p 00001000 08:05 663034                     /usr/lib/x86_64-linux-gnu/libxshmfence.so.1.0.0
7fb82e1bd000-7fb82e1be000 rw-p 00002000 08:05 663034                     /usr/lib/x86_64-linux-gnu/libxshmfence.so.1.0.0
7fb82e1be000-7fb82e1c3000 r-xp 00000000 08:05 655148                     /usr/lib/x86_64-linux-gnu/libxcb-sync.so.1.0.0
7fb82e1c3000-7fb82e3c3000 ---p 00005000 08:05 655148                     /usr/lib/x86_64-linux-gnu/libxcb-sync.so.1.0.0
7fb82e3c3000-7fb82e3c4000 r--p 00005000 08:05 655148                     /usr/lib/x86_64-linux-gnu/libxcb-sync.so.1.0.0
7fb82e3c4000-7fb82e3c5000 rw-p 00006000 08:05 655148                     /usr/lib/x86_64-linux-gnu/libxcb-sync.so.1.0.0
7fb82e3c5000-7fb82e3c7000 r-xp 00000000 08:05 656874                     /usr/lib/x86_64-linux-gnu/libxcb-present.so.0.0.0
7fb82e3c7000-7fb82e5c6000 ---p 00002000 08:05 656874                     /usr/lib/x86_64-linux-gnu/libxcb-present.so.0.0.0
7fb82e5c6000-7fb82e5c7000 r--p 00001000 08:05 656874                     /usr/lib/x86_64-linux-gnu/libxcb-present.so.0.0.0
7fb82e5c7000-7fb82e5c8000 rw-p 00002000 08:05 656874                     /usr/lib/x86_64-linux-gnu/libxcb-present.so.0.0.0
7fb82e5c8000-7fb82e5ca000 r-xp 00000000 08:05 658485                     /usr/lib/x86_64-linux-gnu/libxcb-dri3.so.0.0.0
7fb82e5ca000-7fb82e7c9000 ---p 00002000 08:05 658485                     /usr/lib/x86_64-linux-gnu/libxcb-dri3.so.0.0.0
7fb82e7c9000-7fb82e7ca000 r--p 00001000 08:05 658485                     /usr/lib/x86_64-linux-gnu/libxcb-dri3.so.0.0.0
7fb82e7ca000-7fb82e7cb000 rw-p 00002000 08:05 658485                     /usr/lib/x86_64-linux-gnu/libxcb-dri3.so.0.0.0
7fb82e7cb000-7fb82e7f1000 r-xp 00000000 08:05 392499                     /lib/x86_64-linux-gnu/libexpat.so.1.6.0
7fb82e7f1000-7fb82e9f1000 ---p 00026000 08:05 392499                     /lib/x86_64-linux-gnu/libexpat.so.1.6.0
7fb82e9f1000-7fb82e9f3000 r--p 00026000 08:05 392499                     /lib/x86_64-linux-gnu/libexpat.so.1.6.0
7fb82e9f3000-7fb82e9f4000 rw-p 00028000 08:05 392499                     /lib/x86_64-linux-gnu/libexpat.so.1.6.0
7fb82e9f4000-7fb82ea15000 r-xp 00000000 08:05 658473                     /usr/lib/x86_64-linux-gnu/libxcb.so.1.1.0
7fb82ea15000-7fb82ec14000 ---p 00021000 08:05 658473                     /usr/lib/x86_64-linux-gnu/libxcb.so.1.1.0
7fb82ec14000-7fb82ec15000 r--p 00020000 08:05 658473                     /usr/lib/x86_64-linux-gnu/libxcb.so.1.1.0
7fb82ec15000-7fb82ec16000 rw-p 00021000 08:05 658473                     /usr/lib/x86_64-linux-gnu/libxcb.so.1.1.0
7fb82ec16000-7fb82ec86000 r-xp 00000000 08:05 924887                     /usr/lib/x86_64-linux-gnu/mesa/libGL.so.1.2.0
7fb82ec86000-7fb82ee85000 ---p 00070000 08:05 924887                     /usr/lib/x86_64-linux-gnu/mesa/libGL.so.1.2.0
7fb82ee85000-7fb82ee88000 r--p 0006f000 08:05 924887                     /usr/lib/x86_64-linux-gnu/mesa/libGL.so.1.2.0
7fb82ee88000-7fb82ee89000 rw-p 00072000 08:05 924887                     /usr/lib/x86_64-linux-gnu/mesa/libGL.so.1.2.0
7fb82ee89000-7fb82ee8a000 rw-p 00000000 00:00 0 
7fb82ee8a000-7fb82efbf000 r-xp 00000000 08:05 662414                     /usr/lib/x86_64-linux-gnu/libX11.so.6.3.0
7fb82efbf000-7fb82f1bf000 ---p 00135000 08:05 662414                     /usr/lib/x86_64-linux-gnu/libX11.so.6.3.0
7fb82f1bf000-7fb82f1c0000 r--p 00135000 08:05 662414                     /usr/lib/x86_64-linux-gnu/libX11.so.6.3.0
7fb82f1c0000-7fb82f1c4000 rw-p 00136000 08:05 662414                     /usr/lib/x86_64-linux-gnu/libX11.so.6.3.0
7fb82f1c4000-7fb82f1d0000 r-xp 00000000 08:05 785378                     /usr/lib/jvm/java-8-openjdk-amd64/jre/lib/amd64/libprism_es2.so
7fb82f1d0000-7fb82f3cf000 ---p 0000c000 08:05 785378                     /usr/lib/jvm/java-8-openjdk-amd64/jre/lib/amd64/libprism_es2.so
7fb82f3cf000-7fb82f3d0000 r--p 0000b000 08:05 785378                     /usr/lib/jvm/java-8-openjdk-amd64/jre/lib/amd64/libprism_es2.so
7fb82f3d0000-7fb82f3d1000 rw-p 0000c000 08:05 785378                     /usr/lib/jvm/java-8-openjdk-amd64/jre/lib/amd64/libprism_es2.so
7fb82f3d1000-7fb82f3d4000 ---p 00000000 00:00 0 
7fb82f3d4000-7fb82f4d2000 rw-p 00000000 00:00 0 
7fb82f4d2000-7fb82f4d3000 ---p 00000000 00:00 0 
7fb82f4d3000-7fb82f5d3000 rw-p 00000000 00:00 0 
7fb82f5d3000-7fb82f5d6000 ---p 00000000 00:00 0 
7fb82f5d6000-7fb82f6d4000 rw-p 00000000 00:00 0 
7fb82f6d4000-7fb82f6d7000 ---p 00000000 00:00 0 
7fb82f6d7000-7fb82f7d5000 rw-p 00000000 00:00 0 
7fb82f7d5000-7fb82f7d8000 ---p 00000000 00:00 0 
7fb82f7d8000-7fb82f8d6000 rw-p 00000000 00:00 0 
7fb82f8d6000-7fb82f8d9000 ---p 00000000 00:00 0 
7fb82f8d9000-7fb82f9d7000 rw-p 00000000 00:00 0 
7fb82f9d7000-7fb82f9da000 ---p 00000000 00:00 0 
7fb82f9da000-7fb82fad8000 rw-p 00000000 00:00 0 
7fb82fad8000-7fb82fdfe000 r--p 00000000 08:05 655341                     /usr/lib/locale/locale-archive
7fb82fdfe000-7fb82fe01000 ---p 00000000 00:00 0 
7fb82fe01000-7fb82feff000 rw-p 00000000 00:00 0 
7fb82feff000-7fb82ff02000 ---p 00000000 00:00 0 
7fb82ff02000-7fb830000000 rw-p 00000000 00:00 0 
7fb830000000-7fb830021000 rw-p 00000000 00:00 0 
7fb830021000-7fb834000000 ---p 00000000 00:00 0 
7fb834003000-7fb834016000 r--s 00346000 08:05 785658                     /usr/lib/jvm/java-8-openjdk-amd64/jre/lib/resources.jar
7fb834016000-7fb834019000 r--s 00015000 08:05 785726                     /usr/lib/jvm/java-8-openjdk-amd64/jre/lib/jce.jar
7fb834019000-7fb83401d000 r--s 0009a000 08:05 785711                     /usr/lib/jvm/java-8-openjdk-amd64/jre/lib/jsse.jar
7fb83401d000-7fb834032000 r--s 000ef000 08:05 1087386                    /home/george/.m2/repository/org/mongodb/mongodb-driver-core/3.4.2/mongodb-driver-core-3.4.2.jar
7fb834032000-7fb834037000 r--s 00037000 08:05 1087384                    /home/george/.m2/repository/org/mongodb/bson/3.4.2/bson-3.4.2.jar
7fb834037000-7fb834055000 r-xp 00000000 08:05 402882                     /lib/x86_64-linux-gnu/libudev.so.1.6.4
7fb834055000-7fb834056000 r--p 0001d000 08:05 402882                     /lib/x86_64-linux-gnu/libudev.so.1.6.4
7fb834056000-7fb834057000 rw-p 0001e000 08:05 402882                     /lib/x86_64-linux-gnu/libudev.so.1.6.4
7fb834057000-7fb8340ed000 r--s 008d7000 08:05 918275                     /usr/share/java/openjfx/jre/lib/ext/jfxrt.jar
7fb8340ed000-7fb8340ee000 ---p 00000000 00:00 0 
7fb8340ee000-7fb838000000 rw-p 00000000 00:00 0 
7fb838000000-7fb838021000 rw-p 00000000 00:00 0 
7fb838021000-7fb83c000000 ---p 00000000 00:00 0 
7fb83c000000-7fb83c021000 rw-p 00000000 00:00 0 
7fb83c021000-7fb840000000 ---p 00000000 00:00 0 
7fb840000000-7fb840021000 rw-p 00000000 00:00 0 
7fb840021000-7fb844000000 ---p 00000000 00:00 0 
7fb844000000-7fb844021000 rw-p 00000000 00:00 0 
7fb844021000-7fb848000000 ---p 00000000 00:00 0 
7fb848002000-7fb84800a000 rw-s 00000000 00:05 181710                     /drm mm object (deleted)
7fb84800a000-7fb848012000 rw-s 00000000 00:05 181705                     /drm mm object (deleted)
7fb848014000-7fb84801a000 r--s 00054000 08:05 1087382                    /home/george/.m2/repository/org/mongodb/mongodb-driver/3.4.2/mongodb-driver-3.4.2.jar
7fb84801a000-7fb848020000 r--s 0002c000 08:05 1068119                    /home/george/.m2/repository/javax/jdo/jdo-api/3.0.1/jdo-api-3.0.1.jar
7fb848020000-7fb848029000 r--s 0009c000 08:05 1067822                    /home/george/.m2/repository/org/zoodb/zoodb/0.4.9/zoodb-0.4.9.jar
7fb848029000-7fb848031000 rw-s 00000000 00:05 181017                     /drm mm object (deleted)
7fb848031000-7fb848039000 rw-s 00000000 00:05 182479                     /drm mm object (deleted)
7fb848039000-7fb848054000 r--s 00394000 08:05 785666                     /usr/lib/jvm/java-8-openjdk-amd64/jre/lib/ext/cldrdata.jar
7fb848054000-7fb848e32000 rw-p 00000000 00:00 0 
7fb848e32000-7fb849000000 r--s 03c06000 08:05 785925                     /usr/lib/jvm/java-8-openjdk-amd64/jre/lib/rt.jar
7fb849000000-7fb849540000 rwxp 00000000 00:00 0 
7fb849540000-7fb858000000 ---p 00000000 00:00 0 
7fb858000000-7fb85889a000 rw-p 00000000 00:00 0 
7fb85889a000-7fb85c000000 ---p 00000000 00:00 0 
7fb85c001000-7fb85c01c000 r--s 001d6000 08:05 785663                     /usr/lib/jvm/java-8-openjdk-amd64/jre/lib/ext/nashorn.jar
7fb85c01c000-7fb85cc53000 rw-p 00000000 00:00 0 
7fb85cc53000-7fb85cc54000 ---p 00000000 00:00 0 
7fb85cc54000-7fb85cd54000 rw-p 00000000 00:00 0 
7fb85cd54000-7fb85cd55000 ---p 00000000 00:00 0 
7fb85cd55000-7fb85ce55000 rw-p 00000000 00:00 0 
7fb85ce55000-7fb85ce56000 ---p 00000000 00:00 0 
7fb85ce56000-7fb85cf56000 rw-p 00000000 00:00 0 
7fb85cf56000-7fb85cf57000 ---p 00000000 00:00 0 
7fb85cf57000-7fb85d0f6000 rw-p 00000000 00:00 0 
7fb85d0f6000-7fb85d2d8000 ---p 00000000 00:00 0 
7fb85d2d8000-7fb85d377000 rw-p 00000000 00:00 0 
7fb85d377000-7fb85d558000 ---p 00000000 00:00 0 
7fb85d558000-7fb85d59b000 rw-p 00000000 00:00 0 
7fb85d59b000-7fb85d699000 ---p 00000000 00:00 0 
7fb85d699000-7fb85d6af000 rw-p 00000000 00:00 0 
7fb85d6af000-7fb85da5a000 ---p 00000000 00:00 0 
7fb85da5a000-7fb85da62000 r-xp 00000000 08:05 785342                     /usr/lib/jvm/java-8-openjdk-amd64/jre/lib/amd64/libzip.so
7fb85da62000-7fb85dc61000 ---p 00008000 08:05 785342                     /usr/lib/jvm/java-8-openjdk-amd64/jre/lib/amd64/libzip.so
7fb85dc61000-7fb85dc62000 r--p 00007000 08:05 785342                     /usr/lib/jvm/java-8-openjdk-amd64/jre/lib/amd64/libzip.so
7fb85dc62000-7fb85dc63000 rw-p 00008000 08:05 785342                     /usr/lib/jvm/java-8-openjdk-amd64/jre/lib/amd64/libzip.so
7fb85dc63000-7fb85dc6e000 r-xp 00000000 08:05 401832                     /lib/x86_64-linux-gnu/libnss_files-2.23.so
7fb85dc6e000-7fb85de6d000 ---p 0000b000 08:05 401832                     /lib/x86_64-linux-gnu/libnss_files-2.23.so
7fb85de6d000-7fb85de6e000 r--p 0000a000 08:05 401832                     /lib/x86_64-linux-gnu/libnss_files-2.23.so
7fb85de6e000-7fb85de6f000 rw-p 0000b000 08:05 401832                     /lib/x86_64-linux-gnu/libnss_files-2.23.so
7fb85de6f000-7fb85de75000 rw-p 00000000 00:00 0 
7fb85de75000-7fb85de80000 r-xp 00000000 08:05 397105                     /lib/x86_64-linux-gnu/libnss_nis-2.23.so
7fb85de80000-7fb85e07f000 ---p 0000b000 08:05 397105                     /lib/x86_64-linux-gnu/libnss_nis-2.23.so
7fb85e07f000-7fb85e080000 r--p 0000a000 08:05 397105                     /lib/x86_64-linux-gnu/libnss_nis-2.23.so
7fb85e080000-7fb85e081000 rw-p 0000b000 08:05 397105                     /lib/x86_64-linux-gnu/libnss_nis-2.23.so
7fb85e081000-7fb85e097000 r-xp 00000000 08:05 401333                     /lib/x86_64-linux-gnu/libnsl-2.23.so
7fb85e097000-7fb85e296000 ---p 00016000 08:05 401333                     /lib/x86_64-linux-gnu/libnsl-2.23.so
7fb85e296000-7fb85e297000 r--p 00015000 08:05 401333                     /lib/x86_64-linux-gnu/libnsl-2.23.so
7fb85e297000-7fb85e298000 rw-p 00016000 08:05 401333                     /lib/x86_64-linux-gnu/libnsl-2.23.so
7fb85e298000-7fb85e29a000 rw-p 00000000 00:00 0 
7fb85e29a000-7fb85e2a2000 r-xp 00000000 08:05 401334                     /lib/x86_64-linux-gnu/libnss_compat-2.23.so
7fb85e2a2000-7fb85e4a1000 ---p 00008000 08:05 401334                     /lib/x86_64-linux-gnu/libnss_compat-2.23.so
7fb85e4a1000-7fb85e4a2000 r--p 00007000 08:05 401334                     /lib/x86_64-linux-gnu/libnss_compat-2.23.so
7fb85e4a2000-7fb85e4a3000 rw-p 00008000 08:05 401334                     /lib/x86_64-linux-gnu/libnss_compat-2.23.so
7fb85e4a3000-7fb85e4d0000 r-xp 00000000 08:05 785657                     /usr/lib/jvm/java-8-openjdk-amd64/jre/lib/amd64/libjava.so
7fb85e4d0000-7fb85e6cf000 ---p 0002d000 08:05 785657                     /usr/lib/jvm/java-8-openjdk-amd64/jre/lib/amd64/libjava.so
7fb85e6cf000-7fb85e6d0000 r--p 0002c000 08:05 785657                     /usr/lib/jvm/java-8-openjdk-amd64/jre/lib/amd64/libjava.so
7fb85e6d0000-7fb85e6d2000 rw-p 0002d000 08:05 785657                     /usr/lib/jvm/java-8-openjdk-amd64/jre/lib/amd64/libjava.so
7fb85e6d2000-7fb85e6e1000 r-xp 00000000 08:05 785219                     /usr/lib/jvm/java-8-openjdk-amd64/jre/lib/amd64/libverify.so
7fb85e6e1000-7fb85e8e0000 ---p 0000f000 08:05 785219                     /usr/lib/jvm/java-8-openjdk-amd64/jre/lib/amd64/libverify.so
7fb85e8e0000-7fb85e8e2000 r--p 0000e000 08:05 785219                     /usr/lib/jvm/java-8-openjdk-amd64/jre/lib/amd64/libverify.so
7fb85e8e2000-7fb85e8e3000 rw-p 00010000 08:05 785219                     /usr/lib/jvm/java-8-openjdk-amd64/jre/lib/amd64/libverify.so
7fb85e8e3000-7fb85e8ea000 r-xp 00000000 08:05 397096                     /lib/x86_64-linux-gnu/librt-2.23.so
7fb85e8ea000-7fb85eae9000 ---p 00007000 08:05 397096                     /lib/x86_64-linux-gnu/librt-2.23.so
7fb85eae9000-7fb85eaea000 r--p 00006000 08:05 397096                     /lib/x86_64-linux-gnu/librt-2.23.so
7fb85eaea000-7fb85eaeb000 rw-p 00007000 08:05 397096                     /lib/x86_64-linux-gnu/librt-2.23.so
7fb85eaeb000-7fb85eb01000 r-xp 00000000 08:05 396948                     /lib/x86_64-linux-gnu/libgcc_s.so.1
7fb85eb01000-7fb85ed00000 ---p 00016000 08:05 396948                     /lib/x86_64-linux-gnu/libgcc_s.so.1
7fb85ed00000-7fb85ed01000 rw-p 00015000 08:05 396948                     /lib/x86_64-linux-gnu/libgcc_s.so.1
7fb85ed01000-7fb85ee09000 r-xp 00000000 08:05 397262                     /lib/x86_64-linux-gnu/libm-2.23.so
7fb85ee09000-7fb85f008000 ---p 00108000 08:05 397262                     /lib/x86_64-linux-gnu/libm-2.23.so
7fb85f008000-7fb85f009000 r--p 00107000 08:05 397262                     /lib/x86_64-linux-gnu/libm-2.23.so
7fb85f009000-7fb85f00a000 rw-p 00108000 08:05 397262                     /lib/x86_64-linux-gnu/libm-2.23.so
7fb85f00a000-7fb85f17c000 r-xp 00000000 08:05 657102                     /usr/lib/x86_64-linux-gnu/libstdc++.so.6.0.21
7fb85f17c000-7fb85f37c000 ---p 00172000 08:05 657102                     /usr/lib/x86_64-linux-gnu/libstdc++.so.6.0.21
7fb85f37c000-7fb85f386000 r--p 00172000 08:05 657102                     /usr/lib/x86_64-linux-gnu/libstdc++.so.6.0.21
7fb85f386000-7fb85f388000 rw-p 0017c000 08:05 657102                     /usr/lib/x86_64-linux-gnu/libstdc++.so.6.0.21
7fb85f388000-7fb85f38c000 rw-p 00000000 00:00 0 
7fb85f38c000-7fb85ffdc000 r-xp 00000000 08:05 785652                     /usr/lib/jvm/java-8-openjdk-amd64/jre/lib/amd64/server/libjvm.so
7fb85ffdc000-7fb8601db000 ---p 00c50000 08:05 785652                     /usr/lib/jvm/java-8-openjdk-amd64/jre/lib/amd64/server/libjvm.so
7fb8601db000-7fb86026e000 r--p 00c4f000 08:05 785652                     /usr/lib/jvm/java-8-openjdk-amd64/jre/lib/amd64/server/libjvm.so
7fb86026e000-7fb860297000 rw-p 00ce2000 08:05 785652                     /usr/lib/jvm/java-8-openjdk-amd64/jre/lib/amd64/server/libjvm.so
7fb860297000-7fb8602c7000 rw-p 00000000 00:00 0 
7fb8602c7000-7fb8602df000 r-xp 00000000 08:05 398277                     /lib/x86_64-linux-gnu/libpthread-2.23.so
7fb8602df000-7fb8604de000 ---p 00018000 08:05 398277                     /lib/x86_64-linux-gnu/libpthread-2.23.so
7fb8604de000-7fb8604df000 r--p 00017000 08:05 398277                     /lib/x86_64-linux-gnu/libpthread-2.23.so
7fb8604df000-7fb8604e0000 rw-p 00018000 08:05 398277                     /lib/x86_64-linux-gnu/libpthread-2.23.so
7fb8604e0000-7fb8604e4000 rw-p 00000000 00:00 0 
7fb8604e4000-7fb8604e7000 r-xp 00000000 08:05 397132                     /lib/x86_64-linux-gnu/libdl-2.23.so
7fb8604e7000-7fb8606e6000 ---p 00003000 08:05 397132                     /lib/x86_64-linux-gnu/libdl-2.23.so
7fb8606e6000-7fb8606e7000 r--p 00002000 08:05 397132                     /lib/x86_64-linux-gnu/libdl-2.23.so
7fb8606e7000-7fb8606e8000 rw-p 00003000 08:05 397132                     /lib/x86_64-linux-gnu/libdl-2.23.so
7fb8606e8000-7fb860701000 r-xp 00000000 08:05 392529                     /lib/x86_64-linux-gnu/libz.so.1.2.8
7fb860701000-7fb860900000 ---p 00019000 08:05 392529                     /lib/x86_64-linux-gnu/libz.so.1.2.8
7fb860900000-7fb860901000 r--p 00018000 08:05 392529                     /lib/x86_64-linux-gnu/libz.so.1.2.8
7fb860901000-7fb860902000 rw-p 00019000 08:05 392529                     /lib/x86_64-linux-gnu/libz.so.1.2.8
7fb860902000-7fb860ac1000 r-xp 00000000 08:05 397135                     /lib/x86_64-linux-gnu/libc-2.23.so
7fb860ac1000-7fb860cc1000 ---p 001bf000 08:05 397135                     /lib/x86_64-linux-gnu/libc-2.23.so
7fb860cc1000-7fb860cc5000 r--p 001bf000 08:05 397135                     /lib/x86_64-linux-gnu/libc-2.23.so
7fb860cc5000-7fb860cc7000 rw-p 001c3000 08:05 397135                     /lib/x86_64-linux-gnu/libc-2.23.so
7fb860cc7000-7fb860ccb000 rw-p 00000000 00:00 0 
7fb860ccb000-7fb860cd8000 r-xp 00000000 08:05 925059                     /usr/lib/jvm/java-8-openjdk-amd64/jre/lib/amd64/jli/libjli.so
7fb860cd8000-7fb860ed8000 ---p 0000d000 08:05 925059                     /usr/lib/jvm/java-8-openjdk-amd64/jre/lib/amd64/jli/libjli.so
7fb860ed8000-7fb860ed9000 r--p 0000d000 08:05 925059                     /usr/lib/jvm/java-8-openjdk-amd64/jre/lib/amd64/jli/libjli.so
7fb860ed9000-7fb860eda000 rw-p 0000e000 08:05 925059                     /usr/lib/jvm/java-8-openjdk-amd64/jre/lib/amd64/jli/libjli.so
7fb860eda000-7fb860f00000 r-xp 00000000 08:05 392506                     /lib/x86_64-linux-gnu/ld-2.23.so
7fb860f01000-7fb860f04000 r--s 00023000 08:05 1068623                    /home/george/.m2/repository/org/jdom/jdom/1.1/jdom-1.1.jar
7fb860f04000-7fb860f05000 r--s 00003000 08:05 1067861                    /home/george/.m2/repository/javax/transaction/jta/1.1/jta-1.1.jar
7fb860f05000-7fb860f06000 rw-s 00000000 00:05 181707                     /drm mm object (deleted)
7fb860f06000-7fb860f07000 rw-s 1037bc000 00:06 368                       /dev/dri/card0
7fb860f07000-7fb860f08000 r--s 0000a000 08:05 785671                     /usr/lib/jvm/java-8-openjdk-amd64/jre/lib/ext/jaccess.jar
7fb860f08000-7fb860f09000 r--s 00010000 08:05 785667                     /usr/lib/jvm/java-8-openjdk-amd64/jre/lib/ext/zipfs.jar
7fb860f09000-7fb860fd3000 rw-p 00000000 00:00 0 
7fb860fd3000-7fb860fd6000 ---p 00000000 00:00 0 
7fb860fd6000-7fb8610d9000 rw-p 00000000 00:00 0 
7fb8610d9000-7fb8610dc000 r--s 0000f000 08:05 785665                     /usr/lib/jvm/java-8-openjdk-amd64/jre/lib/ext/icedtea-sound.jar
7fb8610dc000-7fb8610de000 r--s 00001000 08:05 785664                     /usr/lib/jvm/java-8-openjdk-amd64/jre/lib/ext/dnsns.jar
7fb8610de000-7fb8610e8000 r--s 00116000 08:05 785669                     /usr/lib/jvm/java-8-openjdk-amd64/jre/lib/ext/localedata.jar
7fb8610e8000-7fb8610ec000 r--s 00037000 08:05 785668                     /usr/lib/jvm/java-8-openjdk-amd64/jre/lib/ext/sunpkcs11.jar
7fb8610ec000-7fb8610f1000 r--s 0003b000 08:05 785670                     /usr/lib/jvm/java-8-openjdk-amd64/jre/lib/ext/sunjce_provider.jar
7fb8610f1000-7fb8610f3000 r--s 00008000 08:05 785662                     /usr/lib/jvm/java-8-openjdk-amd64/jre/lib/ext/sunec.jar
7fb8610f3000-7fb8610fb000 rw-s 00000000 08:05 2361149                    /tmp/hsperfdata_george/23657
7fb8610fb000-7fb8610fc000 rw-p 00000000 00:00 0 
7fb8610fc000-7fb8610fd000 ---p 00000000 00:00 0 
7fb8610fd000-7fb8610ff000 rw-p 00000000 00:00 0 
7fb8610ff000-7fb861100000 r--p 00025000 08:05 392506                     /lib/x86_64-linux-gnu/ld-2.23.so
7fb861100000-7fb861101000 rw-p 00026000 08:05 392506                     /lib/x86_64-linux-gnu/ld-2.23.so
7fb861101000-7fb861102000 rw-p 00000000 00:00 0 
7ffd031c7000-7ffd031e9000 rw-p 00000000 00:00 0                          [stack]
7ffd031ee000-7ffd031f0000 r--p 00000000 00:00 0                          [vvar]
7ffd031f0000-7ffd031f2000 r-xp 00000000 00:00 0                          [vdso]
ffffffffff600000-ffffffffff601000 r-xp 00000000 00:00 0                  [vsyscall]

VM Arguments:
jvm_args: -Dfile.encoding=UTF-8 
java_command: ch.ethz.globis.mtfobu.odb_project.Main
java_class_path (initial): /home/george/workspace/odb-project/target/classes:/home/george/.m2/repository/org/zoodb/zoodb/0.4.9/zoodb-0.4.9.jar:/home/george/.m2/repository/javax/jdo/jdo-api/3.0.1/jdo-api-3.0.1.jar:/home/george/.m2/repository/javax/transaction/jta/1.1/jta-1.1.jar:/home/george/.m2/repository/org/jdom/jdom/1.1/jdom-1.1.jar:/home/george/.m2/repository/org/mongodb/mongodb-driver/3.4.2/mongodb-driver-3.4.2.jar:/home/george/.m2/repository/org/mongodb/bson/3.4.2/bson-3.4.2.jar:/home/george/.m2/repository/org/mongodb/mongodb-driver-core/3.4.2/mongodb-driver-core-3.4.2.jar
Launcher Type: SUN_STANDARD

Environment Variables:
PATH=/home/george/.cabal/bin:/opt/cabal/1.22/bin:/opt/ghc/7.10.3/bin:/usr/local/sbin:/usr/local/bin:/usr/sbin:/usr/bin:/sbin:/bin:/usr/games:/usr/local/games:/snap/bin
SHELL=/bin/bash
DISPLAY=:0.0

Signal Handlers:
SIGSEGV: [libjvm.so+0xa66fd0], sa_mask[0]=11111111011111111101111111111110, sa_flags=SA_RESTART|SA_SIGINFO
SIGBUS: [libjvm.so+0xa66fd0], sa_mask[0]=11111111011111111101111111111110, sa_flags=SA_RESTART|SA_SIGINFO
SIGFPE: [libjvm.so+0x8b0180], sa_mask[0]=11111111011111111101111111111110, sa_flags=SA_RESTART|SA_SIGINFO
SIGPIPE: SIG_IGN, sa_mask[0]=00000000000010000000000000000000, sa_flags=SA_RESTART
SIGXFSZ: [libjvm.so+0x8b0180], sa_mask[0]=11111111011111111101111111111110, sa_flags=SA_RESTART|SA_SIGINFO
SIGILL: [libjvm.so+0x8b0180], sa_mask[0]=11111111011111111101111111111110, sa_flags=SA_RESTART|SA_SIGINFO
SIGUSR1: SIG_DFL, sa_mask[0]=00000000000000000000000000000000, sa_flags=none
SIGUSR2: [libjvm.so+0x8b0030], sa_mask[0]=00100000000000000000000000000000, sa_flags=SA_RESTART|SA_SIGINFO
SIGHUP: [libjvm.so+0x8b0500], sa_mask[0]=11111111011111111101111111111110, sa_flags=SA_RESTART|SA_SIGINFO
SIGINT: [libjvm.so+0x8b0500], sa_mask[0]=11111111011111111101111111111110, sa_flags=SA_RESTART|SA_SIGINFO
SIGTERM: [libjvm.so+0x8b0500], sa_mask[0]=11111111011111111101111111111110, sa_flags=SA_RESTART|SA_SIGINFO
SIGQUIT: [libjvm.so+0x8b0500], sa_mask[0]=11111111011111111101111111111110, sa_flags=SA_RESTART|SA_SIGINFO


---------------  S Y S T E M  ---------------

OS:DISTRIB_ID=Ubuntu
DISTRIB_RELEASE=16.04
DISTRIB_CODENAME=xenial
DISTRIB_DESCRIPTION="Ubuntu 16.04.2 LTS"

uname:Linux 4.4.0-64-generic #85-Ubuntu SMP Mon Feb 20 11:50:30 UTC 2017 x86_64
libc:glibc 2.23 NPTL 2.23 
rlimit: STACK 8192k, CORE 0k, NPROC 30581, NOFILE 65536, AS infinity
load average:0.56 0.58 0.48

/proc/meminfo:
MemTotal:        7869428 kB
MemFree:          112776 kB
MemAvailable:       7908 kB
Buffers:            1236 kB
Cached:           559656 kB
SwapCached:        30920 kB
Active:          6287116 kB
Inactive:        1232940 kB
Active(anon):    6276516 kB
Inactive(anon):  1222164 kB
Active(file):      10600 kB
Inactive(file):    10776 kB
Unevictable:         272 kB
Mlocked:             272 kB
SwapTotal:        999420 kB
SwapFree:              0 kB
Dirty:                48 kB
Writeback:             4 kB
AnonPages:       6929044 kB
Mapped:           437084 kB
Shmem:            539440 kB
Slab:              92720 kB
SReclaimable:      42756 kB
SUnreclaim:        49964 kB
KernelStack:       12944 kB
PageTables:        70444 kB
NFS_Unstable:          0 kB
Bounce:                0 kB
WritebackTmp:          0 kB
CommitLimit:     4934132 kB
Committed_AS:   15917312 kB
VmallocTotal:   34359738367 kB
VmallocUsed:           0 kB
VmallocChunk:          0 kB
HardwareCorrupted:     0 kB
AnonHugePages:   3256320 kB
CmaTotal:              0 kB
CmaFree:               0 kB
HugePages_Total:       0
HugePages_Free:        0
HugePages_Rsvd:        0
HugePages_Surp:        0
Hugepagesize:       2048 kB
DirectMap4k:      184344 kB
DirectMap2M:     7895040 kB


CPU:total 4 (2 cores per cpu, 2 threads per core) family 6 model 58 stepping 9, cmov, cx8, fxsr, mmx, sse, sse2, sse3, ssse3, sse4.1, sse4.2, popcnt, avx, aes, clmul, erms, ht, tsc, tscinvbit, tscinv

/proc/cpuinfo:
processor	: 0
vendor_id	: GenuineIntel
cpu family	: 6
model		: 58
model name	: Intel(R) Core(TM) i7-3520M CPU @ 2.90GHz
stepping	: 9
microcode	: 0x1c
cpu MHz		: 3204.386
cache size	: 4096 KB
physical id	: 0
siblings	: 4
core id		: 0
cpu cores	: 2
apicid		: 0
initial apicid	: 0
fpu		: yes
fpu_exception	: yes
cpuid level	: 13
wp		: yes
flags		: fpu vme de pse tsc msr pae mce cx8 apic sep mtrr pge mca cmov pat pse36 clflush dts acpi mmx fxsr sse sse2 ss ht tm pbe syscall nx rdtscp lm constant_tsc arch_perfmon pebs bts rep_good nopl xtopology nonstop_tsc aperfmperf eagerfpu pni pclmulqdq dtes64 monitor ds_cpl vmx smx est tm2 ssse3 cx16 xtpr pdcm pcid sse4_1 sse4_2 x2apic popcnt tsc_deadline_timer aes xsave avx f16c rdrand lahf_lm epb tpr_shadow vnmi flexpriority ept vpid fsgsbase smep erms xsaveopt dtherm ida arat pln pts
bugs		:
bogomips	: 5786.78
clflush size	: 64
cache_alignment	: 64
address sizes	: 36 bits physical, 48 bits virtual
power management:

processor	: 1
vendor_id	: GenuineIntel
cpu family	: 6
model		: 58
model name	: Intel(R) Core(TM) i7-3520M CPU @ 2.90GHz
stepping	: 9
microcode	: 0x1c
cpu MHz		: 3399.910
cache size	: 4096 KB
physical id	: 0
siblings	: 4
core id		: 0
cpu cores	: 2
apicid		: 1
initial apicid	: 1
fpu		: yes
fpu_exception	: yes
cpuid level	: 13
wp		: yes
flags		: fpu vme de pse tsc msr pae mce cx8 apic sep mtrr pge mca cmov pat pse36 clflush dts acpi mmx fxsr sse sse2 ss ht tm pbe syscall nx rdtscp lm constant_tsc arch_perfmon pebs bts rep_good nopl xtopology nonstop_tsc aperfmperf eagerfpu pni pclmulqdq dtes64 monitor ds_cpl vmx smx est tm2 ssse3 cx16 xtpr pdcm pcid sse4_1 sse4_2 x2apic popcnt tsc_deadline_timer aes xsave avx f16c rdrand lahf_lm epb tpr_shadow vnmi flexpriority ept vpid fsgsbase smep erms xsaveopt dtherm ida arat pln pts
bugs		:
bogomips	: 5786.78
clflush size	: 64
cache_alignment	: 64
address sizes	: 36 bits physical, 48 bits virtual
power management:

processor	: 2
vendor_id	: GenuineIntel
cpu family	: 6
model		: 58
model name	: Intel(R) Core(TM) i7-3520M CPU @ 2.90GHz
stepping	: 9
microcode	: 0x1c
cpu MHz		: 3301.921
cache size	: 4096 KB
physical id	: 0
siblings	: 4
core id		: 1
cpu cores	: 2
apicid		: 2
initial apicid	: 2
fpu		: yes
fpu_exception	: yes
cpuid level	: 13
wp		: yes
flags		: fpu vme de pse tsc msr pae mce cx8 apic sep mtrr pge mca cmov pat pse36 clflush dts acpi mmx fxsr sse sse2 ss ht tm pbe syscall nx rdtscp lm constant_tsc arch_perfmon pebs bts rep_good nopl xtopology nonstop_tsc aperfmperf eagerfpu pni pclmulqdq dtes64 monitor ds_cpl vmx smx est tm2 ssse3 cx16 xtpr pdcm pcid sse4_1 sse4_2 x2apic popcnt tsc_deadline_timer aes xsave avx f16c rdrand lahf_lm epb tpr_shadow vnmi flexpriority ept vpid fsgsbase smep erms xsaveopt dtherm ida arat pln pts
bugs		:
bogomips	: 5786.78
clflush size	: 64
cache_alignment	: 64
address sizes	: 36 bits physical, 48 bits virtual
power management:

processor	: 3
vendor_id	: GenuineIntel
cpu family	: 6
model		: 58
model name	: Intel(R) Core(TM) i7-3520M CPU @ 2.90GHz
stepping	: 9
microcode	: 0x1c
cpu MHz		: 3399.910
cache size	: 4096 KB
physical id	: 0
siblings	: 4
core id		: 1
cpu cores	: 2
apicid		: 3
initial apicid	: 3
fpu		: yes
fpu_exception	: yes
cpuid level	: 13
wp		: yes
flags		: fpu vme de pse tsc msr pae mce cx8 apic sep mtrr pge mca cmov pat pse36 clflush dts acpi mmx fxsr sse sse2 ss ht tm pbe syscall nx rdtscp lm constant_tsc arch_perfmon pebs bts rep_good nopl xtopology nonstop_tsc aperfmperf eagerfpu pni pclmulqdq dtes64 monitor ds_cpl vmx smx est tm2 ssse3 cx16 xtpr pdcm pcid sse4_1 sse4_2 x2apic popcnt tsc_deadline_timer aes xsave avx f16c rdrand lahf_lm epb tpr_shadow vnmi flexpriority ept vpid fsgsbase smep erms xsaveopt dtherm ida arat pln pts
bugs		:
bogomips	: 5786.78
clflush size	: 64
cache_alignment	: 64
address sizes	: 36 bits physical, 48 bits virtual
power management:



Memory: 4k page, physical 7869428k(112924k free), swap 999420k(0k free)

vm_info: OpenJDK 64-Bit Server VM (25.121-b13) for linux-amd64 JRE (1.8.0_121-8u121-b13-0ubuntu1.16.04.2-b13), built on Jan 23 2017 15:51:29 by "buildd" with gcc 5.4.0 20160609

time: Mon Apr 10 20:52:47 2017
elapsed time: 3 seconds (0d 0h 0m 3s)

